ARM GAS  D:\TMP\ccVSTPte.s 			page 1


   1              		.cpu cortex-m3
   2              		.arch armv7-m
   3              		.fpu softvfp
   4              		.eabi_attribute 20, 1
   5              		.eabi_attribute 21, 1
   6              		.eabi_attribute 23, 3
   7              		.eabi_attribute 24, 1
   8              		.eabi_attribute 25, 1
   9              		.eabi_attribute 26, 1
  10              		.eabi_attribute 30, 1
  11              		.eabi_attribute 34, 1
  12              		.eabi_attribute 18, 4
  13              		.file	"line_tracker.c"
  14              		.text
  15              	.Ltext0:
  16              		.cfi_sections	.debug_frame
  17              		.file 1 "Core/Src/line_tracker.c"
  18              		.section	.text.LineTracker_Update,"ax",%progbits
  19              		.align	1
  20              		.global	LineTracker_Update
  21              		.syntax unified
  22              		.thumb
  23              		.thumb_func
  25              	LineTracker_Update:
  26              	.LFB66:
   1:Core/Src/line_tracker.c **** /* USER CODE BEGIN Header */
   2:Core/Src/line_tracker.c **** /**
   3:Core/Src/line_tracker.c ****   ******************************************************************************
   4:Core/Src/line_tracker.c ****   * @file           : line_tracker.c
   5:Core/Src/line_tracker.c ****   * @brief          : Seven channel digital line tracker input.
   6:Core/Src/line_tracker.c ****   ******************************************************************************
   7:Core/Src/line_tracker.c ****   */
   8:Core/Src/line_tracker.c **** /* USER CODE END Header */
   9:Core/Src/line_tracker.c **** 
  10:Core/Src/line_tracker.c **** #include "line_tracker.h"
  11:Core/Src/line_tracker.c **** 
  12:Core/Src/line_tracker.c **** volatile LineTracker_t g_line =
  13:Core/Src/line_tracker.c **** {
  14:Core/Src/line_tracker.c ****   .raw_mask = 0U,             // Raw bitmask of the line tracker channels (1 = line detected, 0 = n
  15:Core/Src/line_tracker.c ****   .active_mask = 0U,          // Bitmask of active line tracker channels (1 = line detected, 0 = no
  16:Core/Src/line_tracker.c ****   .active_count = 0U,         // Number of active line tracker channels
  17:Core/Src/line_tracker.c ****   .line_seen = 0U,            // Flag indicating if a line is seen
  18:Core/Src/line_tracker.c ****   .active_low = 0U,           // 0 = active high, 1 = active low
  19:Core/Src/line_tracker.c ****   .position = 0,              // Calculated position of the line
  20:Core/Src/line_tracker.c ****   .error = 0,
  21:Core/Src/line_tracker.c ****   .sample_tick = 0U,
  22:Core/Src/line_tracker.c ****   .right_angle_enable = 1U,
  23:Core/Src/line_tracker.c ****   .right_angle_detected = 0U,
  24:Core/Src/line_tracker.c ****   .right_angle_direction = 0,
  25:Core/Src/line_tracker.c ****   .right_angle_error = 50,
  26:Core/Src/line_tracker.c **** };
  27:Core/Src/line_tracker.c **** 
  28:Core/Src/line_tracker.c **** static GPIO_TypeDef * const line_ports[LINE_TRACKER_CHANNELS] =
  29:Core/Src/line_tracker.c **** {
  30:Core/Src/line_tracker.c ****   TRACK1_GPIO_Port,
  31:Core/Src/line_tracker.c ****   TRACK2_GPIO_Port,
  32:Core/Src/line_tracker.c ****   TRACK3_GPIO_Port,
ARM GAS  D:\TMP\ccVSTPte.s 			page 2


  33:Core/Src/line_tracker.c ****   TRACK4_GPIO_Port,
  34:Core/Src/line_tracker.c ****   TRACK5_GPIO_Port,
  35:Core/Src/line_tracker.c ****   TRACK6_GPIO_Port,
  36:Core/Src/line_tracker.c ****   TRACK7_GPIO_Port,
  37:Core/Src/line_tracker.c **** };
  38:Core/Src/line_tracker.c **** 
  39:Core/Src/line_tracker.c **** static const uint16_t line_pins[LINE_TRACKER_CHANNELS] =
  40:Core/Src/line_tracker.c **** {
  41:Core/Src/line_tracker.c ****   TRACK1_Pin,
  42:Core/Src/line_tracker.c ****   TRACK2_Pin,
  43:Core/Src/line_tracker.c ****   TRACK3_Pin,
  44:Core/Src/line_tracker.c ****   TRACK4_Pin,
  45:Core/Src/line_tracker.c ****   TRACK5_Pin,
  46:Core/Src/line_tracker.c ****   TRACK6_Pin,
  47:Core/Src/line_tracker.c ****   TRACK7_Pin,
  48:Core/Src/line_tracker.c **** };
  49:Core/Src/line_tracker.c **** 
  50:Core/Src/line_tracker.c **** static const int16_t line_weights[LINE_TRACKER_CHANNELS] =
  51:Core/Src/line_tracker.c **** {
  52:Core/Src/line_tracker.c ****   50,
  53:Core/Src/line_tracker.c ****   33,
  54:Core/Src/line_tracker.c ****   16,
  55:Core/Src/line_tracker.c ****   0,
  56:Core/Src/line_tracker.c ****   -16,
  57:Core/Src/line_tracker.c ****   -33,
  58:Core/Src/line_tracker.c ****   -50,
  59:Core/Src/line_tracker.c **** };
  60:Core/Src/line_tracker.c **** 
  61:Core/Src/line_tracker.c **** void LineTracker_Init(void)
  62:Core/Src/line_tracker.c **** {
  63:Core/Src/line_tracker.c ****   LineTracker_Update();
  64:Core/Src/line_tracker.c **** }
  65:Core/Src/line_tracker.c **** 
  66:Core/Src/line_tracker.c **** void LineTracker_Update(void)
  67:Core/Src/line_tracker.c **** {
  27              		.loc 1 67 1 view -0
  28              		.cfi_startproc
  29              		@ args = 0, pretend = 0, frame = 0
  30              		@ frame_needed = 0, uses_anonymous_args = 0
  31 0000 2DE9F041 		push	{r4, r5, r6, r7, r8, lr}
  32              	.LCFI0:
  33              		.cfi_def_cfa_offset 24
  34              		.cfi_offset 4, -24
  35              		.cfi_offset 5, -20
  36              		.cfi_offset 6, -16
  37              		.cfi_offset 7, -12
  38              		.cfi_offset 8, -8
  39              		.cfi_offset 14, -4
  68:Core/Src/line_tracker.c ****   uint8_t raw_mask = 0U;
  40              		.loc 1 68 3 view .LVU1
  41              	.LVL0:
  69:Core/Src/line_tracker.c ****   uint8_t active_mask = 0U;
  42              		.loc 1 69 3 view .LVU2
  70:Core/Src/line_tracker.c ****   uint8_t active_count = 0U;
  43              		.loc 1 70 3 view .LVU3
  71:Core/Src/line_tracker.c ****   int16_t error = 0;
  44              		.loc 1 71 3 view .LVU4
ARM GAS  D:\TMP\ccVSTPte.s 			page 3


  72:Core/Src/line_tracker.c ****   int32_t weighted_sum = 0;
  45              		.loc 1 72 3 view .LVU5
  73:Core/Src/line_tracker.c ****   uint32_t index = 0U;
  46              		.loc 1 73 3 view .LVU6
  74:Core/Src/line_tracker.c **** 
  75:Core/Src/line_tracker.c ****   for (index = 0U; index < LINE_TRACKER_CHANNELS; index++)
  47              		.loc 1 75 3 view .LVU7
  48              		.loc 1 75 14 is_stmt 0 view .LVU8
  49 0004 0024     		movs	r4, #0
  72:Core/Src/line_tracker.c ****   uint32_t index = 0U;
  50              		.loc 1 72 11 view .LVU9
  51 0006 2646     		mov	r6, r4
  70:Core/Src/line_tracker.c ****   int16_t error = 0;
  52              		.loc 1 70 11 view .LVU10
  53 0008 2546     		mov	r5, r4
  69:Core/Src/line_tracker.c ****   uint8_t active_count = 0U;
  54              		.loc 1 69 11 view .LVU11
  55 000a 2746     		mov	r7, r4
  68:Core/Src/line_tracker.c ****   uint8_t active_mask = 0U;
  56              		.loc 1 68 11 view .LVU12
  57 000c A046     		mov	r8, r4
  58              		.loc 1 75 3 view .LVU13
  59 000e 06E0     		b	.L2
  60              	.LVL1:
  61              	.L21:
  62              	.LBB2:
  76:Core/Src/line_tracker.c ****   {
  77:Core/Src/line_tracker.c ****     GPIO_PinState pin_state = HAL_GPIO_ReadPin(line_ports[index], line_pins[index]);
  78:Core/Src/line_tracker.c ****     uint8_t is_set = (pin_state == GPIO_PIN_SET) ? 1U : 0U;
  79:Core/Src/line_tracker.c ****     uint8_t is_active = 0U;
  63              		.loc 1 79 5 is_stmt 1 view .LVU14
  80:Core/Src/line_tracker.c **** 
  81:Core/Src/line_tracker.c ****     if (is_set != 0U)
  64              		.loc 1 81 5 view .LVU15
  82:Core/Src/line_tracker.c ****     {
  83:Core/Src/line_tracker.c ****       raw_mask |= (uint8_t)(1U << index);
  65              		.loc 1 83 7 view .LVU16
  66              		.loc 1 83 32 is_stmt 0 view .LVU17
  67 0010 0123     		movs	r3, #1
  68 0012 A340     		lsls	r3, r3, r4
  69              		.loc 1 83 19 view .LVU18
  70 0014 DBB2     		uxtb	r3, r3
  71              		.loc 1 83 16 view .LVU19
  72 0016 43EA0808 		orr	r8, r3, r8
  73              	.LVL2:
  74              		.loc 1 83 16 view .LVU20
  75 001a 0DE0     		b	.L3
  76              	.LVL3:
  77              	.L5:
  78              		.loc 1 83 16 view .LVU21
  79              	.LBE2:
  75:Core/Src/line_tracker.c ****   {
  80              		.loc 1 75 56 is_stmt 1 discriminator 2 view .LVU22
  81 001c 0134     		adds	r4, r4, #1
  82              	.LVL4:
  83              	.L2:
  75:Core/Src/line_tracker.c ****   {
ARM GAS  D:\TMP\ccVSTPte.s 			page 4


  84              		.loc 1 75 26 discriminator 1 view .LVU23
  85 001e 062C     		cmp	r4, #6
  86 0020 1DD8     		bhi	.L20
  87              	.LBB3:
  77:Core/Src/line_tracker.c ****     uint8_t is_set = (pin_state == GPIO_PIN_SET) ? 1U : 0U;
  88              		.loc 1 77 5 view .LVU24
  77:Core/Src/line_tracker.c ****     uint8_t is_set = (pin_state == GPIO_PIN_SET) ? 1U : 0U;
  89              		.loc 1 77 31 is_stmt 0 view .LVU25
  90 0022 324B     		ldr	r3, .L24
  91 0024 33F81410 		ldrh	r1, [r3, r4, lsl #1]
  92 0028 314B     		ldr	r3, .L24+4
  93 002a 53F82400 		ldr	r0, [r3, r4, lsl #2]
  94 002e FFF7FEFF 		bl	HAL_GPIO_ReadPin
  95              	.LVL5:
  78:Core/Src/line_tracker.c ****     uint8_t is_active = 0U;
  96              		.loc 1 78 5 is_stmt 1 view .LVU26
  78:Core/Src/line_tracker.c ****     uint8_t is_active = 0U;
  97              		.loc 1 78 13 is_stmt 0 view .LVU27
  98 0032 0128     		cmp	r0, #1
  99 0034 ECD0     		beq	.L21
  78:Core/Src/line_tracker.c ****     uint8_t is_active = 0U;
 100              		.loc 1 78 13 discriminator 2 view .LVU28
 101 0036 0020     		movs	r0, #0
 102              	.LVL6:
 103              	.L3:
  84:Core/Src/line_tracker.c ****     }
  85:Core/Src/line_tracker.c **** 
  86:Core/Src/line_tracker.c ****     is_active = (g_line.active_low != 0U) ? (uint8_t)(is_set == 0U) : is_set;
 104              		.loc 1 86 5 is_stmt 1 view .LVU29
 105              		.loc 1 86 24 is_stmt 0 view .LVU30
 106 0038 2E4B     		ldr	r3, .L24+8
 107 003a 1B79     		ldrb	r3, [r3, #4]	@ zero_extendqisi2
 108              		.loc 1 86 15 view .LVU31
 109 003c 13B1     		cbz	r3, .L4
 110              		.loc 1 86 45 discriminator 1 view .LVU32
 111 003e B0FA80F0 		clz	r0, r0
 112 0042 4009     		lsrs	r0, r0, #5
 113              	.L4:
 114              	.LVL7:
  87:Core/Src/line_tracker.c ****     if (is_active != 0U)
 115              		.loc 1 87 5 is_stmt 1 view .LVU33
 116              		.loc 1 87 8 is_stmt 0 view .LVU34
 117 0044 0028     		cmp	r0, #0
 118 0046 E9D0     		beq	.L5
  88:Core/Src/line_tracker.c ****     {
  89:Core/Src/line_tracker.c ****       active_mask |= (uint8_t)(1U << index);
 119              		.loc 1 89 7 is_stmt 1 view .LVU35
 120              		.loc 1 89 35 is_stmt 0 view .LVU36
 121 0048 0123     		movs	r3, #1
 122 004a A340     		lsls	r3, r3, r4
 123              		.loc 1 89 22 view .LVU37
 124 004c DBB2     		uxtb	r3, r3
 125              		.loc 1 89 19 view .LVU38
 126 004e 1F43     		orrs	r7, r7, r3
 127              	.LVL8:
  90:Core/Src/line_tracker.c ****       weighted_sum += line_weights[index];
 128              		.loc 1 90 7 is_stmt 1 view .LVU39
ARM GAS  D:\TMP\ccVSTPte.s 			page 5


 129              		.loc 1 90 35 is_stmt 0 view .LVU40
 130 0050 294B     		ldr	r3, .L24+12
 131 0052 33F91430 		ldrsh	r3, [r3, r4, lsl #1]
 132              		.loc 1 90 20 view .LVU41
 133 0056 1E44     		add	r6, r6, r3
 134              	.LVL9:
  91:Core/Src/line_tracker.c ****       active_count++;
 135              		.loc 1 91 7 is_stmt 1 view .LVU42
 136              		.loc 1 91 19 is_stmt 0 view .LVU43
 137 0058 0135     		adds	r5, r5, #1
 138              	.LVL10:
 139              		.loc 1 91 19 view .LVU44
 140 005a EDB2     		uxtb	r5, r5
 141              	.LVL11:
 142              		.loc 1 91 19 view .LVU45
 143 005c DEE7     		b	.L5
 144              	.LVL12:
 145              	.L20:
 146              		.loc 1 91 19 view .LVU46
 147              	.LBE3:
  92:Core/Src/line_tracker.c ****     }
  93:Core/Src/line_tracker.c ****   }
  94:Core/Src/line_tracker.c **** 
  95:Core/Src/line_tracker.c ****   g_line.raw_mask = raw_mask;
 148              		.loc 1 95 3 is_stmt 1 view .LVU47
 149              		.loc 1 95 19 is_stmt 0 view .LVU48
 150 005e 254B     		ldr	r3, .L24+8
 151 0060 83F80080 		strb	r8, [r3]
  96:Core/Src/line_tracker.c ****   g_line.active_mask = active_mask;
 152              		.loc 1 96 3 is_stmt 1 view .LVU49
 153              		.loc 1 96 22 is_stmt 0 view .LVU50
 154 0064 5F70     		strb	r7, [r3, #1]
  97:Core/Src/line_tracker.c ****   g_line.active_count = active_count;
 155              		.loc 1 97 3 is_stmt 1 view .LVU51
 156              		.loc 1 97 23 is_stmt 0 view .LVU52
 157 0066 9D70     		strb	r5, [r3, #2]
  98:Core/Src/line_tracker.c ****   g_line.line_seen = (active_count > 0U) ? 1U : 0U;
 158              		.loc 1 98 3 is_stmt 1 view .LVU53
 159              		.loc 1 98 20 is_stmt 0 view .LVU54
 160 0068 3DB3     		cbz	r5, .L16
 161              		.loc 1 98 20 discriminator 1 view .LVU55
 162 006a 0122     		movs	r2, #1
 163              	.L7:
 164              		.loc 1 98 20 discriminator 4 view .LVU56
 165 006c 214B     		ldr	r3, .L24+8
 166 006e DA70     		strb	r2, [r3, #3]
  99:Core/Src/line_tracker.c **** 
 100:Core/Src/line_tracker.c ****   if (active_count > 0U)
 167              		.loc 1 100 3 is_stmt 1 view .LVU57
 168              		.loc 1 100 6 is_stmt 0 view .LVU58
 169 0070 002D     		cmp	r5, #0
 170 0072 36D0     		beq	.L8
 101:Core/Src/line_tracker.c ****   {
 102:Core/Src/line_tracker.c ****     error = (int16_t)(weighted_sum / (int32_t)active_count);
 171              		.loc 1 102 5 is_stmt 1 view .LVU59
 172              		.loc 1 102 36 is_stmt 0 view .LVU60
 173 0074 96FBF5F6 		sdiv	r6, r6, r5
ARM GAS  D:\TMP\ccVSTPte.s 			page 6


 174              	.LVL13:
 175              		.loc 1 102 11 view .LVU61
 176 0078 36B2     		sxth	r6, r6
 177              	.LVL14:
 103:Core/Src/line_tracker.c **** 
 104:Core/Src/line_tracker.c ****     g_line.right_angle_detected = 0U;
 178              		.loc 1 104 5 is_stmt 1 view .LVU62
 179              		.loc 1 104 33 is_stmt 0 view .LVU63
 180 007a 0022     		movs	r2, #0
 181 007c 5A74     		strb	r2, [r3, #17]
 105:Core/Src/line_tracker.c ****     g_line.right_angle_direction = 0;
 182              		.loc 1 105 5 is_stmt 1 view .LVU64
 183              		.loc 1 105 34 is_stmt 0 view .LVU65
 184 007e 9A74     		strb	r2, [r3, #18]
 106:Core/Src/line_tracker.c **** 
 107:Core/Src/line_tracker.c ****     if (g_line.right_angle_enable != 0U)
 185              		.loc 1 107 5 is_stmt 1 view .LVU66
 186              		.loc 1 107 15 is_stmt 0 view .LVU67
 187 0080 1B7C     		ldrb	r3, [r3, #16]	@ zero_extendqisi2
 188              		.loc 1 107 8 view .LVU68
 189 0082 8BB1     		cbz	r3, .L9
 190              	.LBB4:
 108:Core/Src/line_tracker.c ****     {
 109:Core/Src/line_tracker.c ****       uint8_t left_right_angle = ((active_mask & 0x0FU) == 0x0FU) ? 1U : 0U;
 191              		.loc 1 109 7 is_stmt 1 view .LVU69
 192              		.loc 1 109 15 is_stmt 0 view .LVU70
 193 0084 07F00F03 		and	r3, r7, #15
 194 0088 0F2B     		cmp	r3, #15
 195 008a 18D0     		beq	.L22
 196              		.loc 1 109 15 discriminator 2 view .LVU71
 197 008c 0023     		movs	r3, #0
 198              	.L10:
 199              	.LVL15:
 110:Core/Src/line_tracker.c ****       uint8_t right_right_angle = ((active_mask & 0x78U) == 0x78U) ? 1U : 0U;
 200              		.loc 1 110 7 is_stmt 1 view .LVU72
 201              		.loc 1 110 15 is_stmt 0 view .LVU73
 202 008e 07F07807 		and	r7, r7, #120
 203              	.LVL16:
 204              		.loc 1 110 15 view .LVU74
 205 0092 782F     		cmp	r7, #120
 206 0094 15D0     		beq	.L23
 207              		.loc 1 110 15 discriminator 2 view .LVU75
 208 0096 0022     		movs	r2, #0
 209              	.L11:
 210              	.LVL17:
 111:Core/Src/line_tracker.c **** 
 112:Core/Src/line_tracker.c ****       if ((left_right_angle != 0U) && (right_right_angle == 0U))
 211              		.loc 1 112 7 is_stmt 1 view .LVU76
 212              		.loc 1 112 10 is_stmt 0 view .LVU77
 213 0098 ABB1     		cbz	r3, .L12
 214              		.loc 1 112 36 discriminator 1 view .LVU78
 215 009a B2B9     		cbnz	r2, .L13
 113:Core/Src/line_tracker.c ****       {
 114:Core/Src/line_tracker.c ****         error = g_line.right_angle_error;
 216              		.loc 1 114 9 is_stmt 1 view .LVU79
 217              		.loc 1 114 15 is_stmt 0 view .LVU80
 218 009c 154B     		ldr	r3, .L24+8
ARM GAS  D:\TMP\ccVSTPte.s 			page 7


 219              	.LVL18:
 220              		.loc 1 114 15 view .LVU81
 221 009e 9E8A     		ldrh	r6, [r3, #20]
 222              	.LVL19:
 223              		.loc 1 114 15 view .LVU82
 224 00a0 36B2     		sxth	r6, r6
 225              	.LVL20:
 115:Core/Src/line_tracker.c ****         g_line.right_angle_detected = 1U;
 226              		.loc 1 115 9 is_stmt 1 view .LVU83
 227              		.loc 1 115 37 is_stmt 0 view .LVU84
 228 00a2 0122     		movs	r2, #1
 229              	.LVL21:
 230              		.loc 1 115 37 view .LVU85
 231 00a4 5A74     		strb	r2, [r3, #17]
 116:Core/Src/line_tracker.c ****         g_line.right_angle_direction = 1;
 232              		.loc 1 116 9 is_stmt 1 view .LVU86
 233              		.loc 1 116 38 is_stmt 0 view .LVU87
 234 00a6 9A74     		strb	r2, [r3, #18]
 235              	.LVL22:
 236              	.L9:
 237              		.loc 1 116 38 view .LVU88
 238              	.LBE4:
 117:Core/Src/line_tracker.c ****       }
 118:Core/Src/line_tracker.c ****       else if ((right_right_angle != 0U) && (left_right_angle == 0U))
 119:Core/Src/line_tracker.c ****       {
 120:Core/Src/line_tracker.c ****         error = (int16_t)-g_line.right_angle_error;
 121:Core/Src/line_tracker.c ****         g_line.right_angle_detected = 1U;
 122:Core/Src/line_tracker.c ****         g_line.right_angle_direction = -1;
 123:Core/Src/line_tracker.c ****       }
 124:Core/Src/line_tracker.c ****     }
 125:Core/Src/line_tracker.c **** 
 126:Core/Src/line_tracker.c ****     g_line.position = error;
 239              		.loc 1 126 5 is_stmt 1 view .LVU89
 240              		.loc 1 126 21 is_stmt 0 view .LVU90
 241 00a8 124B     		ldr	r3, .L24+8
 242 00aa DE80     		strh	r6, [r3, #6]	@ movhi
 127:Core/Src/line_tracker.c ****     g_line.error = error;
 243              		.loc 1 127 5 is_stmt 1 view .LVU91
 244              		.loc 1 127 18 is_stmt 0 view .LVU92
 245 00ac 1E81     		strh	r6, [r3, #8]	@ movhi
 246              	.LVL23:
 247              	.L14:
 128:Core/Src/line_tracker.c ****   }
 129:Core/Src/line_tracker.c ****   else
 130:Core/Src/line_tracker.c ****   {
 131:Core/Src/line_tracker.c ****     g_line.right_angle_detected = 0U;
 132:Core/Src/line_tracker.c ****     g_line.right_angle_direction = 0;
 133:Core/Src/line_tracker.c ****   }
 134:Core/Src/line_tracker.c **** 
 135:Core/Src/line_tracker.c ****   g_line.sample_tick++;
 248              		.loc 1 135 3 is_stmt 1 view .LVU93
 249              		.loc 1 135 9 is_stmt 0 view .LVU94
 250 00ae 114A     		ldr	r2, .L24+8
 251 00b0 D368     		ldr	r3, [r2, #12]
 252              		.loc 1 135 21 view .LVU95
 253 00b2 0133     		adds	r3, r3, #1
 254 00b4 D360     		str	r3, [r2, #12]
ARM GAS  D:\TMP\ccVSTPte.s 			page 8


 136:Core/Src/line_tracker.c **** }
 255              		.loc 1 136 1 view .LVU96
 256 00b6 BDE8F081 		pop	{r4, r5, r6, r7, r8, pc}
 257              	.LVL24:
 258              	.L16:
  98:Core/Src/line_tracker.c **** 
 259              		.loc 1 98 20 discriminator 2 view .LVU97
 260 00ba 2A46     		mov	r2, r5
 261 00bc D6E7     		b	.L7
 262              	.LVL25:
 263              	.L22:
 264              	.LBB5:
 109:Core/Src/line_tracker.c ****       uint8_t right_right_angle = ((active_mask & 0x78U) == 0x78U) ? 1U : 0U;
 265              		.loc 1 109 15 discriminator 1 view .LVU98
 266 00be 0123     		movs	r3, #1
 267 00c0 E5E7     		b	.L10
 268              	.LVL26:
 269              	.L23:
 110:Core/Src/line_tracker.c **** 
 270              		.loc 1 110 15 discriminator 1 view .LVU99
 271 00c2 0122     		movs	r2, #1
 272 00c4 E8E7     		b	.L11
 273              	.LVL27:
 274              	.L12:
 118:Core/Src/line_tracker.c ****       {
 275              		.loc 1 118 12 is_stmt 1 view .LVU100
 118:Core/Src/line_tracker.c ****       {
 276              		.loc 1 118 15 is_stmt 0 view .LVU101
 277 00c6 002A     		cmp	r2, #0
 278 00c8 EED0     		beq	.L9
 279              	.L13:
 118:Core/Src/line_tracker.c ****       {
 280              		.loc 1 118 42 discriminator 1 view .LVU102
 281 00ca 002B     		cmp	r3, #0
 282 00cc ECD1     		bne	.L9
 120:Core/Src/line_tracker.c ****         g_line.right_angle_detected = 1U;
 283              		.loc 1 120 9 is_stmt 1 view .LVU103
 120:Core/Src/line_tracker.c ****         g_line.right_angle_detected = 1U;
 284              		.loc 1 120 33 is_stmt 0 view .LVU104
 285 00ce 094B     		ldr	r3, .L24+8
 286              	.LVL28:
 120:Core/Src/line_tracker.c ****         g_line.right_angle_detected = 1U;
 287              		.loc 1 120 33 view .LVU105
 288 00d0 9E8A     		ldrh	r6, [r3, #20]
 289              	.LVL29:
 120:Core/Src/line_tracker.c ****         g_line.right_angle_detected = 1U;
 290              		.loc 1 120 33 view .LVU106
 291 00d2 B6B2     		uxth	r6, r6
 120:Core/Src/line_tracker.c ****         g_line.right_angle_detected = 1U;
 292              		.loc 1 120 17 view .LVU107
 293 00d4 7642     		rsbs	r6, r6, #0
 120:Core/Src/line_tracker.c ****         g_line.right_angle_detected = 1U;
 294              		.loc 1 120 15 view .LVU108
 295 00d6 36B2     		sxth	r6, r6
 296              	.LVL30:
 121:Core/Src/line_tracker.c ****         g_line.right_angle_direction = -1;
 297              		.loc 1 121 9 is_stmt 1 view .LVU109
ARM GAS  D:\TMP\ccVSTPte.s 			page 9


 121:Core/Src/line_tracker.c ****         g_line.right_angle_direction = -1;
 298              		.loc 1 121 37 is_stmt 0 view .LVU110
 299 00d8 0122     		movs	r2, #1
 300              	.LVL31:
 121:Core/Src/line_tracker.c ****         g_line.right_angle_direction = -1;
 301              		.loc 1 121 37 view .LVU111
 302 00da 5A74     		strb	r2, [r3, #17]
 122:Core/Src/line_tracker.c ****       }
 303              		.loc 1 122 9 is_stmt 1 view .LVU112
 122:Core/Src/line_tracker.c ****       }
 304              		.loc 1 122 38 is_stmt 0 view .LVU113
 305 00dc FF22     		movs	r2, #255
 306 00de 9A74     		strb	r2, [r3, #18]
 307 00e0 E2E7     		b	.L9
 308              	.LVL32:
 309              	.L8:
 122:Core/Src/line_tracker.c ****       }
 310              		.loc 1 122 38 view .LVU114
 311              	.LBE5:
 131:Core/Src/line_tracker.c ****     g_line.right_angle_direction = 0;
 312              		.loc 1 131 5 is_stmt 1 view .LVU115
 131:Core/Src/line_tracker.c ****     g_line.right_angle_direction = 0;
 313              		.loc 1 131 33 is_stmt 0 view .LVU116
 314 00e2 044B     		ldr	r3, .L24+8
 315 00e4 0022     		movs	r2, #0
 316 00e6 5A74     		strb	r2, [r3, #17]
 132:Core/Src/line_tracker.c ****   }
 317              		.loc 1 132 5 is_stmt 1 view .LVU117
 132:Core/Src/line_tracker.c ****   }
 318              		.loc 1 132 34 is_stmt 0 view .LVU118
 319 00e8 9A74     		strb	r2, [r3, #18]
 320 00ea E0E7     		b	.L14
 321              	.L25:
 322              		.align	2
 323              	.L24:
 324 00ec 00000000 		.word	line_pins
 325 00f0 00000000 		.word	line_ports
 326 00f4 00000000 		.word	g_line
 327 00f8 00000000 		.word	line_weights
 328              		.cfi_endproc
 329              	.LFE66:
 331              		.section	.text.LineTracker_Init,"ax",%progbits
 332              		.align	1
 333              		.global	LineTracker_Init
 334              		.syntax unified
 335              		.thumb
 336              		.thumb_func
 338              	LineTracker_Init:
 339              	.LFB65:
  62:Core/Src/line_tracker.c ****   LineTracker_Update();
 340              		.loc 1 62 1 is_stmt 1 view -0
 341              		.cfi_startproc
 342              		@ args = 0, pretend = 0, frame = 0
 343              		@ frame_needed = 0, uses_anonymous_args = 0
 344 0000 08B5     		push	{r3, lr}
 345              	.LCFI1:
 346              		.cfi_def_cfa_offset 8
ARM GAS  D:\TMP\ccVSTPte.s 			page 10


 347              		.cfi_offset 3, -8
 348              		.cfi_offset 14, -4
  63:Core/Src/line_tracker.c **** }
 349              		.loc 1 63 3 view .LVU120
 350 0002 FFF7FEFF 		bl	LineTracker_Update
 351              	.LVL33:
  64:Core/Src/line_tracker.c **** 
 352              		.loc 1 64 1 is_stmt 0 view .LVU121
 353 0006 08BD     		pop	{r3, pc}
 354              		.cfi_endproc
 355              	.LFE65:
 357              		.section	.rodata.line_weights,"a"
 358              		.align	2
 361              	line_weights:
 362 0000 3200     		.short	50
 363 0002 2100     		.short	33
 364 0004 1000     		.short	16
 365 0006 0000     		.short	0
 366 0008 F0FF     		.short	-16
 367 000a DFFF     		.short	-33
 368 000c CEFF     		.short	-50
 369              		.section	.rodata.line_pins,"a"
 370              		.align	2
 373              	line_pins:
 374 0000 0002     		.short	512
 375 0002 0001     		.short	256
 376 0004 8000     		.short	128
 377 0006 4000     		.short	64
 378 0008 2000     		.short	32
 379 000a 1000     		.short	16
 380 000c 0800     		.short	8
 381              		.section	.rodata.line_ports,"a"
 382              		.align	2
 385              	line_ports:
 386 0000 000C0140 		.word	1073810432
 387 0004 000C0140 		.word	1073810432
 388 0008 000C0140 		.word	1073810432
 389 000c 000C0140 		.word	1073810432
 390 0010 000C0140 		.word	1073810432
 391 0014 000C0140 		.word	1073810432
 392 0018 000C0140 		.word	1073810432
 393              		.global	g_line
 394              		.section	.data.g_line,"aw"
 395              		.align	2
 398              	g_line:
 399 0000 00       		.byte	0
 400 0001 00       		.byte	0
 401 0002 00       		.byte	0
 402 0003 00       		.byte	0
 403 0004 00       		.byte	0
 404 0005 00       		.space	1
 405 0006 0000     		.short	0
 406 0008 0000     		.short	0
 407 000a 0000     		.space	2
 408 000c 00000000 		.word	0
 409 0010 01       		.byte	1
 410 0011 00       		.byte	0
ARM GAS  D:\TMP\ccVSTPte.s 			page 11


 411 0012 00       		.byte	0
 412 0013 00       		.space	1
 413 0014 3200     		.short	50
 414 0016 0000     		.space	2
 415              		.text
 416              	.Letext0:
 417              		.file 2 "F:/Msys2/mingw64/arm-none-eabi/include/machine/_default_types.h"
 418              		.file 3 "F:/Msys2/mingw64/arm-none-eabi/include/sys/_stdint.h"
 419              		.file 4 "Drivers/CMSIS/Device/ST/STM32F1xx/Include/stm32f103xb.h"
 420              		.file 5 "Drivers/STM32F1xx_HAL_Driver/Inc/stm32f1xx_hal_gpio.h"
 421              		.file 6 "Core/Inc/line_tracker.h"
ARM GAS  D:\TMP\ccVSTPte.s 			page 12


DEFINED SYMBOLS
                            *ABS*:00000000 line_tracker.c
   D:\TMP\ccVSTPte.s:19     .text.LineTracker_Update:00000000 $t
   D:\TMP\ccVSTPte.s:25     .text.LineTracker_Update:00000000 LineTracker_Update
   D:\TMP\ccVSTPte.s:324    .text.LineTracker_Update:000000ec $d
   D:\TMP\ccVSTPte.s:373    .rodata.line_pins:00000000 line_pins
   D:\TMP\ccVSTPte.s:385    .rodata.line_ports:00000000 line_ports
   D:\TMP\ccVSTPte.s:398    .data.g_line:00000000 g_line
   D:\TMP\ccVSTPte.s:361    .rodata.line_weights:00000000 line_weights
   D:\TMP\ccVSTPte.s:332    .text.LineTracker_Init:00000000 $t
   D:\TMP\ccVSTPte.s:338    .text.LineTracker_Init:00000000 LineTracker_Init
   D:\TMP\ccVSTPte.s:358    .rodata.line_weights:00000000 $d
   D:\TMP\ccVSTPte.s:370    .rodata.line_pins:00000000 $d
   D:\TMP\ccVSTPte.s:382    .rodata.line_ports:00000000 $d
   D:\TMP\ccVSTPte.s:395    .data.g_line:00000000 $d
                           .group:00000000 wm4.0.82cd861fcffc377458525806b973ac66
                           .group:00000000 wm4.stm32f1xx_hal_conf.h.22.1a0581c92af625996e824fe9fcaf6f74
                           .group:00000000 wm4.stm32f1xx.h.38.953d9e9601c55b585f2853dd3f53fdde
                           .group:00000000 wm4.stm32f103xb.h.37.7c5fb130aa158ead5441dda9799c1941
                           .group:00000000 wm4._newlib_version.h.4.0eb654b64686e2bd29646258853f6c22
                           .group:00000000 wm4.features.h.33.d554620bb17bd3b714c3fb5c268772bc
                           .group:00000000 wm4._default_types.h.15.247e5cd201eca3442cbf5404108c4935
                           .group:00000000 wm4._intsup.h.10.48bafbb683905c4daa4565a85aeeb264
                           .group:00000000 wm4._stdint.h.10.c24fa3af3bc1706662bb5593a907e841
                           .group:00000000 wm4.stdint.h.23.d53047a68f4a85177f80b422d52785ed
                           .group:00000000 wm4.cmsis_version.h.32.4d5822004c01a829a975260e854b5f8e
                           .group:00000000 wm4.core_cm3.h.66.fc46cac19810db8f98d67da7ef88f42c
                           .group:00000000 wm4.cmsis_gcc.h.26.4f5798e999d5690b80e6ded3ecc94b37
                           .group:00000000 wm4.core_cm3.h.127.f4474120f1a7524deb56f9d74ff175da
                           .group:00000000 wm4.stm32f103xb.h.572.e8b8d889d857e2c56f82ca03c5328917
                           .group:00000000 wm4.stm32f1xx.h.161.0d1b9fd26c53008e1116394047fa1b84
                           .group:00000000 wm4.stm32_hal_legacy.h.22.738b126f6a0a0c726d412de79a56d7d7
                           .group:00000000 wm4.stddef.h.39.0dc9006b34572d4d9cae4c8b422c4971
                           .group:00000000 wm4.stm32f1xx_hal_def.h.56.354d0a4bf0f6ef7af10e3429b7628481
                           .group:00000000 wm4.stm32f1xx_hal_rcc.h.93.3fadb58bdef0723b74d9eb798753b168
                           .group:00000000 wm4.stm32f1xx_hal_rcc_ex.h.20.5a464c1dc9022dc2a67fe45b2054f77c
                           .group:00000000 wm4.stm32f1xx_hal_rcc.h.1200.d6cbb5717f01cee373a6e1fba84d9163
                           .group:00000000 wm4.stm32f1xx_hal_gpio.h.21.0099da253a68660e916195d3e8928be3
                           .group:00000000 wm4.stm32f1xx_hal_gpio_ex.h.21.93f1f3ec7660fa76375def81b976f73c
                           .group:00000000 wm4.stm32f1xx_hal_gpio.h.262.7df79220ec7519ba80c1763e6b4854a6
                           .group:00000000 wm4.stm32f1xx_hal_exti.h.21.a7f1b393a0c9b2b56b72ccdbb8dee508
                           .group:00000000 wm4.stm32f1xx_hal_dma.h.21.11e5a204ed6aa790b1cdae2e4192bc9d
                           .group:00000000 wm4.stm32f1xx_hal_dma_ex.h.21.d438f745b4c04dc23f9f569190526864
                           .group:00000000 wm4.stm32f1xx_hal_dma.h.408.14794a3f8621230c9ac7fca0cacf3e57
                           .group:00000000 wm4.stm32f1xx_hal_cortex.h.21.bc6672975c96f16c12a031ce09248d54
                           .group:00000000 wm4.stm32f1xx_hal_flash.h.20.2db7f614c43999568df8c1bd8d5f2459
                           .group:00000000 wm4.stm32f1xx_hal_flash_ex.h.20.c1d01fb364bcc8befd238a2d45469cc1
                           .group:00000000 wm4.stm32f1xx_hal_pwr.h.21.ec3e2cfd4c26fffa32fc4ff0a8ac7390
                           .group:00000000 wm4.stm32f1xx_hal_tim.h.21.006a68e65b5f471fc08fe5e71aa2bc69
                           .group:00000000 wm4.stm32f1xx_hal.h.87.60093b86a987865736d7cddecce3c235
                           .group:00000000 wm4.main.h.60.0b6cd06f520117ebc07cd33ca052f0b6

UNDEFINED SYMBOLS
HAL_GPIO_ReadPin
