ARM GAS  D:\TMP\ccFdR9Oz.s 			page 1


   1              		.cpu cortex-m3
   2              		.arch armv7-m
   3              		.fpu softvfp
   4              		.eabi_attribute 20, 1
   5              		.eabi_attribute 21, 1
   6              		.eabi_attribute 23, 3
   7              		.eabi_attribute 24, 1
   8              		.eabi_attribute 25, 1
   9              		.eabi_attribute 26, 1
  10              		.eabi_attribute 30, 1
  11              		.eabi_attribute 34, 1
  12              		.eabi_attribute 18, 4
  13              		.file	"main.c"
  14              		.text
  15              	.Ltext0:
  16              		.cfi_sections	.debug_frame
  17              		.file 1 "Core/Src/main.c"
  18              		.section	.text.MX_GPIO_Init,"ax",%progbits
  19              		.align	1
  20              		.syntax unified
  21              		.thumb
  22              		.thumb_func
  24              	MX_GPIO_Init:
  25              	.LFB71:
   1:Core/Src/main.c **** /* USER CODE BEGIN Header */
   2:Core/Src/main.c **** /**
   3:Core/Src/main.c ****   ******************************************************************************
   4:Core/Src/main.c ****   * @file           : main.c
   5:Core/Src/main.c ****   * @brief          : Main program body
   6:Core/Src/main.c ****   ******************************************************************************
   7:Core/Src/main.c ****   * @attention
   8:Core/Src/main.c ****   *
   9:Core/Src/main.c ****   * Copyright (c) 2026 STMicroelectronics.
  10:Core/Src/main.c ****   * All rights reserved.
  11:Core/Src/main.c ****   *
  12:Core/Src/main.c ****   * This software is licensed under terms that can be found in the LICENSE file
  13:Core/Src/main.c ****   * in the root directory of this software component.
  14:Core/Src/main.c ****   * If no LICENSE file comes with this software, it is provided AS-IS.
  15:Core/Src/main.c ****   *
  16:Core/Src/main.c ****   ******************************************************************************
  17:Core/Src/main.c ****   */
  18:Core/Src/main.c **** /* USER CODE END Header */
  19:Core/Src/main.c **** /* Includes ------------------------------------------------------------------*/
  20:Core/Src/main.c **** #include "main.h"
  21:Core/Src/main.c **** 
  22:Core/Src/main.c **** /* Private includes ----------------------------------------------------------*/
  23:Core/Src/main.c **** /* USER CODE BEGIN Includes */
  24:Core/Src/main.c **** #include "car_control.h"
  25:Core/Src/main.c **** #include "line_tracker.h"
  26:Core/Src/main.c **** 
  27:Core/Src/main.c **** /* USER CODE END Includes */
  28:Core/Src/main.c **** 
  29:Core/Src/main.c **** /* Private typedef -----------------------------------------------------------*/
  30:Core/Src/main.c **** /* USER CODE BEGIN PTD */
  31:Core/Src/main.c **** 
  32:Core/Src/main.c **** /* USER CODE END PTD */
  33:Core/Src/main.c **** 
ARM GAS  D:\TMP\ccFdR9Oz.s 			page 2


  34:Core/Src/main.c **** /* Private define ------------------------------------------------------------*/
  35:Core/Src/main.c **** /* USER CODE BEGIN PD */
  36:Core/Src/main.c **** 
  37:Core/Src/main.c **** /* USER CODE END PD */
  38:Core/Src/main.c **** 
  39:Core/Src/main.c **** /* Private macro -------------------------------------------------------------*/
  40:Core/Src/main.c **** /* USER CODE BEGIN PM */
  41:Core/Src/main.c **** 
  42:Core/Src/main.c **** /* USER CODE END PM */
  43:Core/Src/main.c **** 
  44:Core/Src/main.c **** /* Private variables ---------------------------------------------------------*/
  45:Core/Src/main.c **** TIM_HandleTypeDef htim1;
  46:Core/Src/main.c **** TIM_HandleTypeDef htim2;
  47:Core/Src/main.c **** TIM_HandleTypeDef htim3;
  48:Core/Src/main.c **** TIM_HandleTypeDef htim4;
  49:Core/Src/main.c **** 
  50:Core/Src/main.c **** /* USER CODE BEGIN PV */
  51:Core/Src/main.c **** 
  52:Core/Src/main.c **** /* USER CODE END PV */
  53:Core/Src/main.c **** 
  54:Core/Src/main.c **** /* Private function prototypes -----------------------------------------------*/
  55:Core/Src/main.c **** void SystemClock_Config(void);
  56:Core/Src/main.c **** static void MX_GPIO_Init(void);
  57:Core/Src/main.c **** static void MX_TIM1_Init(void);
  58:Core/Src/main.c **** static void MX_TIM2_Init(void);
  59:Core/Src/main.c **** static void MX_TIM3_Init(void);
  60:Core/Src/main.c **** static void MX_TIM4_Init(void);
  61:Core/Src/main.c **** void HAL_TIM_MspPostInit(TIM_HandleTypeDef *htim);
  62:Core/Src/main.c **** /* USER CODE BEGIN PFP */
  63:Core/Src/main.c **** 
  64:Core/Src/main.c **** /* USER CODE END PFP */
  65:Core/Src/main.c **** 
  66:Core/Src/main.c **** /* Private user code ---------------------------------------------------------*/
  67:Core/Src/main.c **** /* USER CODE BEGIN 0 */
  68:Core/Src/main.c **** 
  69:Core/Src/main.c **** /* USER CODE END 0 */
  70:Core/Src/main.c **** 
  71:Core/Src/main.c **** /**
  72:Core/Src/main.c ****   * @brief  The application entry point.
  73:Core/Src/main.c ****   * @retval int
  74:Core/Src/main.c ****   */
  75:Core/Src/main.c **** int main(void)
  76:Core/Src/main.c **** 
  77:Core/Src/main.c ****     {
  78:Core/Src/main.c **** 
  79:Core/Src/main.c ****   /* USER CODE BEGIN 1 */
  80:Core/Src/main.c **** 
  81:Core/Src/main.c ****   /* USER CODE END 1 */
  82:Core/Src/main.c **** 
  83:Core/Src/main.c ****   /* MCU Configuration--------------------------------------------------------*/
  84:Core/Src/main.c **** 
  85:Core/Src/main.c ****   /* Reset of all peripherals, Initializes the Flash interface and the Systick. */
  86:Core/Src/main.c ****   HAL_Init();
  87:Core/Src/main.c **** 
  88:Core/Src/main.c ****   /* USER CODE BEGIN Init */
  89:Core/Src/main.c **** 
  90:Core/Src/main.c ****   /* USER CODE END Init */
ARM GAS  D:\TMP\ccFdR9Oz.s 			page 3


  91:Core/Src/main.c **** 
  92:Core/Src/main.c ****   /* Configure the system clock */
  93:Core/Src/main.c ****   SystemClock_Config();
  94:Core/Src/main.c **** 
  95:Core/Src/main.c ****   /* USER CODE BEGIN SysInit */
  96:Core/Src/main.c **** 
  97:Core/Src/main.c ****   /* USER CODE END SysInit */
  98:Core/Src/main.c **** 
  99:Core/Src/main.c ****   /* Initialize all configured peripherals */
 100:Core/Src/main.c ****   MX_GPIO_Init();
 101:Core/Src/main.c ****   MX_TIM1_Init();
 102:Core/Src/main.c ****   MX_TIM2_Init();
 103:Core/Src/main.c ****   MX_TIM3_Init();
 104:Core/Src/main.c ****   MX_TIM4_Init();
 105:Core/Src/main.c ****   /* USER CODE BEGIN 2 */
 106:Core/Src/main.c ****   LineTracker_Init();
 107:Core/Src/main.c ****   Car_Init();
 108:Core/Src/main.c ****   g_car.left.pid.kp = 180;
 109:Core/Src/main.c ****   g_car.left.pid.ki = 0.35f;
 110:Core/Src/main.c ****   g_car.left.pid.kd = 26;
 111:Core/Src/main.c **** 
 112:Core/Src/main.c ****   g_car.right.pid.kp = 180;
 113:Core/Src/main.c ****   g_car.right.pid.ki = 0.28f;
 114:Core/Src/main.c ****   g_car.right.pid.kd = 18;
 115:Core/Src/main.c **** 
 116:Core/Src/main.c ****   g_car.left.invert_motor = 1;
 117:Core/Src/main.c ****   g_car.left.invert_encoder = 0;
 118:Core/Src/main.c ****   g_car.right.invert_motor = 1;
 119:Core/Src/main.c ****   g_car.right.invert_encoder = 1;
 120:Core/Src/main.c **** 
 121:Core/Src/main.c ****   g_car.left.target_counts = 26;
 122:Core/Src/main.c ****   g_car.right.target_counts = 26;
 123:Core/Src/main.c ****   g_car.mode = 3;
 124:Core/Src/main.c ****   /* USER CODE END 2 */
 125:Core/Src/main.c **** 
 126:Core/Src/main.c ****   /* Infinite loop */
 127:Core/Src/main.c ****   /* USER CODE BEGIN WHILE */
 128:Core/Src/main.c ****   while (1)
 129:Core/Src/main.c ****   {
 130:Core/Src/main.c ****     /* USER CODE END WHILE */
 131:Core/Src/main.c **** 
 132:Core/Src/main.c ****     /* USER CODE BEGIN 3 */
 133:Core/Src/main.c ****   }
 134:Core/Src/main.c ****   /* USER CODE END 3 */
 135:Core/Src/main.c **** }
 136:Core/Src/main.c **** 
 137:Core/Src/main.c **** /**
 138:Core/Src/main.c ****   * @brief TIM1 Initialization Function
 139:Core/Src/main.c ****   * @param None
 140:Core/Src/main.c ****   * @retval None
 141:Core/Src/main.c ****   */
 142:Core/Src/main.c **** static void MX_TIM1_Init(void)
 143:Core/Src/main.c **** {
 144:Core/Src/main.c **** 
 145:Core/Src/main.c ****   /* USER CODE BEGIN TIM1_Init 0 */
 146:Core/Src/main.c **** 
 147:Core/Src/main.c ****   /* USER CODE END TIM1_Init 0 */
ARM GAS  D:\TMP\ccFdR9Oz.s 			page 4


 148:Core/Src/main.c **** 
 149:Core/Src/main.c ****   TIM_Encoder_InitTypeDef sConfig = {0};
 150:Core/Src/main.c ****   TIM_MasterConfigTypeDef sMasterConfig = {0};
 151:Core/Src/main.c **** 
 152:Core/Src/main.c ****   /* USER CODE BEGIN TIM1_Init 1 */
 153:Core/Src/main.c **** 
 154:Core/Src/main.c ****   /* USER CODE END TIM1_Init 1 */
 155:Core/Src/main.c ****   htim1.Instance = TIM1;
 156:Core/Src/main.c ****   htim1.Init.Prescaler = 0;
 157:Core/Src/main.c ****   htim1.Init.CounterMode = TIM_COUNTERMODE_UP;
 158:Core/Src/main.c ****   htim1.Init.Period = 65535;
 159:Core/Src/main.c ****   htim1.Init.ClockDivision = TIM_CLOCKDIVISION_DIV1;
 160:Core/Src/main.c ****   htim1.Init.RepetitionCounter = 0;
 161:Core/Src/main.c ****   htim1.Init.AutoReloadPreload = TIM_AUTORELOAD_PRELOAD_DISABLE;
 162:Core/Src/main.c ****   sConfig.EncoderMode = TIM_ENCODERMODE_TI12;
 163:Core/Src/main.c ****   sConfig.IC1Polarity = TIM_ICPOLARITY_RISING;
 164:Core/Src/main.c ****   sConfig.IC1Selection = TIM_ICSELECTION_DIRECTTI;
 165:Core/Src/main.c ****   sConfig.IC1Prescaler = TIM_ICPSC_DIV1;
 166:Core/Src/main.c ****   sConfig.IC1Filter = 4;
 167:Core/Src/main.c ****   sConfig.IC2Polarity = TIM_ICPOLARITY_RISING;
 168:Core/Src/main.c ****   sConfig.IC2Selection = TIM_ICSELECTION_DIRECTTI;
 169:Core/Src/main.c ****   sConfig.IC2Prescaler = TIM_ICPSC_DIV1;
 170:Core/Src/main.c ****   sConfig.IC2Filter = 4;
 171:Core/Src/main.c ****   if (HAL_TIM_Encoder_Init(&htim1, &sConfig) != HAL_OK)
 172:Core/Src/main.c ****   {
 173:Core/Src/main.c ****     Error_Handler();
 174:Core/Src/main.c ****   }
 175:Core/Src/main.c ****   sMasterConfig.MasterOutputTrigger = TIM_TRGO_RESET;
 176:Core/Src/main.c ****   sMasterConfig.MasterSlaveMode = TIM_MASTERSLAVEMODE_DISABLE;
 177:Core/Src/main.c ****   if (HAL_TIMEx_MasterConfigSynchronization(&htim1, &sMasterConfig) != HAL_OK)
 178:Core/Src/main.c ****   {
 179:Core/Src/main.c ****     Error_Handler();
 180:Core/Src/main.c ****   }
 181:Core/Src/main.c ****   /* USER CODE BEGIN TIM1_Init 2 */
 182:Core/Src/main.c **** 
 183:Core/Src/main.c ****   /* USER CODE END TIM1_Init 2 */
 184:Core/Src/main.c **** 
 185:Core/Src/main.c **** }
 186:Core/Src/main.c **** 
 187:Core/Src/main.c **** /**
 188:Core/Src/main.c ****   * @brief TIM2 Initialization Function
 189:Core/Src/main.c ****   * @param None
 190:Core/Src/main.c ****   * @retval None
 191:Core/Src/main.c ****   */
 192:Core/Src/main.c **** static void MX_TIM2_Init(void)
 193:Core/Src/main.c **** {
 194:Core/Src/main.c **** 
 195:Core/Src/main.c ****   /* USER CODE BEGIN TIM2_Init 0 */
 196:Core/Src/main.c **** 
 197:Core/Src/main.c ****   /* USER CODE END TIM2_Init 0 */
 198:Core/Src/main.c **** 
 199:Core/Src/main.c ****   TIM_Encoder_InitTypeDef sConfig = {0};
 200:Core/Src/main.c ****   TIM_MasterConfigTypeDef sMasterConfig = {0};
 201:Core/Src/main.c **** 
 202:Core/Src/main.c ****   /* USER CODE BEGIN TIM2_Init 1 */
 203:Core/Src/main.c **** 
 204:Core/Src/main.c ****   /* USER CODE END TIM2_Init 1 */
ARM GAS  D:\TMP\ccFdR9Oz.s 			page 5


 205:Core/Src/main.c ****   htim2.Instance = TIM2;
 206:Core/Src/main.c ****   htim2.Init.Prescaler = 0;
 207:Core/Src/main.c ****   htim2.Init.CounterMode = TIM_COUNTERMODE_UP;
 208:Core/Src/main.c ****   htim2.Init.Period = 65535;
 209:Core/Src/main.c ****   htim2.Init.ClockDivision = TIM_CLOCKDIVISION_DIV1;
 210:Core/Src/main.c ****   htim2.Init.AutoReloadPreload = TIM_AUTORELOAD_PRELOAD_DISABLE;
 211:Core/Src/main.c ****   sConfig.EncoderMode = TIM_ENCODERMODE_TI12;
 212:Core/Src/main.c ****   sConfig.IC1Polarity = TIM_ICPOLARITY_RISING;
 213:Core/Src/main.c ****   sConfig.IC1Selection = TIM_ICSELECTION_DIRECTTI;
 214:Core/Src/main.c ****   sConfig.IC1Prescaler = TIM_ICPSC_DIV1;
 215:Core/Src/main.c ****   sConfig.IC1Filter = 4;
 216:Core/Src/main.c ****   sConfig.IC2Polarity = TIM_ICPOLARITY_RISING;
 217:Core/Src/main.c ****   sConfig.IC2Selection = TIM_ICSELECTION_DIRECTTI;
 218:Core/Src/main.c ****   sConfig.IC2Prescaler = TIM_ICPSC_DIV1;
 219:Core/Src/main.c ****   sConfig.IC2Filter = 4;
 220:Core/Src/main.c ****   if (HAL_TIM_Encoder_Init(&htim2, &sConfig) != HAL_OK)
 221:Core/Src/main.c ****   {
 222:Core/Src/main.c ****     Error_Handler();
 223:Core/Src/main.c ****   }
 224:Core/Src/main.c ****   sMasterConfig.MasterOutputTrigger = TIM_TRGO_RESET;
 225:Core/Src/main.c ****   sMasterConfig.MasterSlaveMode = TIM_MASTERSLAVEMODE_DISABLE;
 226:Core/Src/main.c ****   if (HAL_TIMEx_MasterConfigSynchronization(&htim2, &sMasterConfig) != HAL_OK)
 227:Core/Src/main.c ****   {
 228:Core/Src/main.c ****     Error_Handler();
 229:Core/Src/main.c ****   }
 230:Core/Src/main.c ****   /* USER CODE BEGIN TIM2_Init 2 */
 231:Core/Src/main.c **** 
 232:Core/Src/main.c ****   /* USER CODE END TIM2_Init 2 */
 233:Core/Src/main.c **** 
 234:Core/Src/main.c **** }
 235:Core/Src/main.c **** 
 236:Core/Src/main.c **** /**
 237:Core/Src/main.c ****   * @brief TIM3 Initialization Function
 238:Core/Src/main.c ****   * @param None
 239:Core/Src/main.c ****   * @retval None
 240:Core/Src/main.c ****   */
 241:Core/Src/main.c **** static void MX_TIM3_Init(void)
 242:Core/Src/main.c **** {
 243:Core/Src/main.c **** 
 244:Core/Src/main.c ****   /* USER CODE BEGIN TIM3_Init 0 */
 245:Core/Src/main.c **** 
 246:Core/Src/main.c ****   /* USER CODE END TIM3_Init 0 */
 247:Core/Src/main.c **** 
 248:Core/Src/main.c ****   TIM_MasterConfigTypeDef sMasterConfig = {0};
 249:Core/Src/main.c ****   TIM_OC_InitTypeDef sConfigOC = {0};
 250:Core/Src/main.c **** 
 251:Core/Src/main.c ****   /* USER CODE BEGIN TIM3_Init 1 */
 252:Core/Src/main.c **** 
 253:Core/Src/main.c ****   /* USER CODE END TIM3_Init 1 */
 254:Core/Src/main.c ****   htim3.Instance = TIM3;
 255:Core/Src/main.c ****   htim3.Init.Prescaler = 0;
 256:Core/Src/main.c ****   htim3.Init.CounterMode = TIM_COUNTERMODE_UP;
 257:Core/Src/main.c ****   htim3.Init.Period = CAR_PWM_MAX;
 258:Core/Src/main.c ****   htim3.Init.ClockDivision = TIM_CLOCKDIVISION_DIV1;
 259:Core/Src/main.c ****   htim3.Init.AutoReloadPreload = TIM_AUTORELOAD_PRELOAD_DISABLE;
 260:Core/Src/main.c ****   if (HAL_TIM_PWM_Init(&htim3) != HAL_OK)
 261:Core/Src/main.c ****   {
ARM GAS  D:\TMP\ccFdR9Oz.s 			page 6


 262:Core/Src/main.c ****     Error_Handler();
 263:Core/Src/main.c ****   }
 264:Core/Src/main.c ****   sMasterConfig.MasterOutputTrigger = TIM_TRGO_RESET;
 265:Core/Src/main.c ****   sMasterConfig.MasterSlaveMode = TIM_MASTERSLAVEMODE_DISABLE;
 266:Core/Src/main.c ****   if (HAL_TIMEx_MasterConfigSynchronization(&htim3, &sMasterConfig) != HAL_OK)
 267:Core/Src/main.c ****   {
 268:Core/Src/main.c ****     Error_Handler();
 269:Core/Src/main.c ****   }
 270:Core/Src/main.c ****   sConfigOC.OCMode = TIM_OCMODE_PWM1;
 271:Core/Src/main.c ****   sConfigOC.Pulse = 0;
 272:Core/Src/main.c ****   sConfigOC.OCPolarity = TIM_OCPOLARITY_HIGH;
 273:Core/Src/main.c ****   sConfigOC.OCFastMode = TIM_OCFAST_DISABLE;
 274:Core/Src/main.c ****   if (HAL_TIM_PWM_ConfigChannel(&htim3, &sConfigOC, TIM_CHANNEL_1) != HAL_OK)
 275:Core/Src/main.c ****   {
 276:Core/Src/main.c ****     Error_Handler();
 277:Core/Src/main.c ****   }
 278:Core/Src/main.c ****   if (HAL_TIM_PWM_ConfigChannel(&htim3, &sConfigOC, TIM_CHANNEL_2) != HAL_OK)
 279:Core/Src/main.c ****   {
 280:Core/Src/main.c ****     Error_Handler();
 281:Core/Src/main.c ****   }
 282:Core/Src/main.c ****   /* USER CODE BEGIN TIM3_Init 2 */
 283:Core/Src/main.c **** 
 284:Core/Src/main.c ****   /* USER CODE END TIM3_Init 2 */
 285:Core/Src/main.c ****   HAL_TIM_MspPostInit(&htim3);
 286:Core/Src/main.c **** 
 287:Core/Src/main.c **** }
 288:Core/Src/main.c **** 
 289:Core/Src/main.c **** /**
 290:Core/Src/main.c ****   * @brief TIM4 Initialization Function
 291:Core/Src/main.c ****   * @param None
 292:Core/Src/main.c ****   * @retval None
 293:Core/Src/main.c ****   */
 294:Core/Src/main.c **** static void MX_TIM4_Init(void)
 295:Core/Src/main.c **** {
 296:Core/Src/main.c **** 
 297:Core/Src/main.c ****   /* USER CODE BEGIN TIM4_Init 0 */
 298:Core/Src/main.c **** 
 299:Core/Src/main.c ****   /* USER CODE END TIM4_Init 0 */
 300:Core/Src/main.c **** 
 301:Core/Src/main.c ****   TIM_ClockConfigTypeDef sClockSourceConfig = {0};
 302:Core/Src/main.c ****   TIM_MasterConfigTypeDef sMasterConfig = {0};
 303:Core/Src/main.c **** 
 304:Core/Src/main.c ****   /* USER CODE BEGIN TIM4_Init 1 */
 305:Core/Src/main.c **** 
 306:Core/Src/main.c ****   /* USER CODE END TIM4_Init 1 */
 307:Core/Src/main.c ****   htim4.Instance = TIM4;
 308:Core/Src/main.c ****   htim4.Init.Prescaler = 6399;
 309:Core/Src/main.c ****   htim4.Init.CounterMode = TIM_COUNTERMODE_UP;
 310:Core/Src/main.c ****   htim4.Init.Period = 99;
 311:Core/Src/main.c ****   htim4.Init.ClockDivision = TIM_CLOCKDIVISION_DIV1;
 312:Core/Src/main.c ****   htim4.Init.AutoReloadPreload = TIM_AUTORELOAD_PRELOAD_DISABLE;
 313:Core/Src/main.c ****   if (HAL_TIM_Base_Init(&htim4) != HAL_OK)
 314:Core/Src/main.c ****   {
 315:Core/Src/main.c ****     Error_Handler();
 316:Core/Src/main.c ****   }
 317:Core/Src/main.c ****   sClockSourceConfig.ClockSource = TIM_CLOCKSOURCE_INTERNAL;
 318:Core/Src/main.c ****   if (HAL_TIM_ConfigClockSource(&htim4, &sClockSourceConfig) != HAL_OK)
ARM GAS  D:\TMP\ccFdR9Oz.s 			page 7


 319:Core/Src/main.c ****   {
 320:Core/Src/main.c ****     Error_Handler();
 321:Core/Src/main.c ****   }
 322:Core/Src/main.c ****   sMasterConfig.MasterOutputTrigger = TIM_TRGO_RESET;
 323:Core/Src/main.c ****   sMasterConfig.MasterSlaveMode = TIM_MASTERSLAVEMODE_DISABLE;
 324:Core/Src/main.c ****   if (HAL_TIMEx_MasterConfigSynchronization(&htim4, &sMasterConfig) != HAL_OK)
 325:Core/Src/main.c ****   {
 326:Core/Src/main.c ****     Error_Handler();
 327:Core/Src/main.c ****   }
 328:Core/Src/main.c ****   /* USER CODE BEGIN TIM4_Init 2 */
 329:Core/Src/main.c **** 
 330:Core/Src/main.c ****   /* USER CODE END TIM4_Init 2 */
 331:Core/Src/main.c **** 
 332:Core/Src/main.c **** }
 333:Core/Src/main.c **** 
 334:Core/Src/main.c **** /**
 335:Core/Src/main.c ****   * @brief System Clock Configuration
 336:Core/Src/main.c ****   * @retval None
 337:Core/Src/main.c ****   */
 338:Core/Src/main.c **** void SystemClock_Config(void)
 339:Core/Src/main.c **** {
 340:Core/Src/main.c ****   RCC_OscInitTypeDef RCC_OscInitStruct = {0};
 341:Core/Src/main.c ****   RCC_ClkInitTypeDef RCC_ClkInitStruct = {0};
 342:Core/Src/main.c **** 
 343:Core/Src/main.c ****   /** Initializes the RCC Oscillators according to the specified parameters
 344:Core/Src/main.c ****   * in the RCC_OscInitTypeDef structure.
 345:Core/Src/main.c ****   */
 346:Core/Src/main.c ****   RCC_OscInitStruct.OscillatorType = RCC_OSCILLATORTYPE_HSI;
 347:Core/Src/main.c ****   RCC_OscInitStruct.HSIState = RCC_HSI_ON;
 348:Core/Src/main.c ****   RCC_OscInitStruct.HSICalibrationValue = RCC_HSICALIBRATION_DEFAULT;
 349:Core/Src/main.c ****   RCC_OscInitStruct.PLL.PLLState = RCC_PLL_ON;
 350:Core/Src/main.c ****   RCC_OscInitStruct.PLL.PLLSource = RCC_PLLSOURCE_HSI_DIV2;
 351:Core/Src/main.c ****   RCC_OscInitStruct.PLL.PLLMUL = RCC_PLL_MUL16;
 352:Core/Src/main.c ****   if (HAL_RCC_OscConfig(&RCC_OscInitStruct) != HAL_OK)
 353:Core/Src/main.c ****   {
 354:Core/Src/main.c ****     Error_Handler();
 355:Core/Src/main.c ****   }
 356:Core/Src/main.c **** 
 357:Core/Src/main.c ****   /** Initializes the CPU, AHB and APB buses clocks
 358:Core/Src/main.c ****   */
 359:Core/Src/main.c ****   RCC_ClkInitStruct.ClockType = RCC_CLOCKTYPE_HCLK|RCC_CLOCKTYPE_SYSCLK
 360:Core/Src/main.c ****                               |RCC_CLOCKTYPE_PCLK1|RCC_CLOCKTYPE_PCLK2;
 361:Core/Src/main.c ****   RCC_ClkInitStruct.SYSCLKSource = RCC_SYSCLKSOURCE_PLLCLK;
 362:Core/Src/main.c ****   RCC_ClkInitStruct.AHBCLKDivider = RCC_SYSCLK_DIV1;
 363:Core/Src/main.c ****   RCC_ClkInitStruct.APB1CLKDivider = RCC_HCLK_DIV2;
 364:Core/Src/main.c ****   RCC_ClkInitStruct.APB2CLKDivider = RCC_HCLK_DIV1;
 365:Core/Src/main.c **** 
 366:Core/Src/main.c ****   if (HAL_RCC_ClockConfig(&RCC_ClkInitStruct, FLASH_LATENCY_2) != HAL_OK)
 367:Core/Src/main.c ****   {
 368:Core/Src/main.c ****     Error_Handler();
 369:Core/Src/main.c ****   }
 370:Core/Src/main.c **** }
 371:Core/Src/main.c **** 
 372:Core/Src/main.c **** /**
 373:Core/Src/main.c ****   * @brief GPIO Initialization Function
 374:Core/Src/main.c ****   * @param None
 375:Core/Src/main.c ****   * @retval None
ARM GAS  D:\TMP\ccFdR9Oz.s 			page 8


 376:Core/Src/main.c ****   */
 377:Core/Src/main.c **** static void MX_GPIO_Init(void)
 378:Core/Src/main.c **** {
  26              		.loc 1 378 1 view -0
  27              		.cfi_startproc
  28              		@ args = 0, pretend = 0, frame = 24
  29              		@ frame_needed = 0, uses_anonymous_args = 0
  30 0000 2DE9F041 		push	{r4, r5, r6, r7, r8, lr}
  31              	.LCFI0:
  32              		.cfi_def_cfa_offset 24
  33              		.cfi_offset 4, -24
  34              		.cfi_offset 5, -20
  35              		.cfi_offset 6, -16
  36              		.cfi_offset 7, -12
  37              		.cfi_offset 8, -8
  38              		.cfi_offset 14, -4
  39 0004 86B0     		sub	sp, sp, #24
  40              	.LCFI1:
  41              		.cfi_def_cfa_offset 48
 379:Core/Src/main.c ****   GPIO_InitTypeDef GPIO_InitStruct = {0};
  42              		.loc 1 379 3 view .LVU1
  43              		.loc 1 379 20 is_stmt 0 view .LVU2
  44 0006 0024     		movs	r4, #0
  45 0008 0294     		str	r4, [sp, #8]
  46 000a 0394     		str	r4, [sp, #12]
  47 000c 0494     		str	r4, [sp, #16]
  48 000e 0594     		str	r4, [sp, #20]
 380:Core/Src/main.c ****   /* USER CODE BEGIN MX_GPIO_Init_1 */
 381:Core/Src/main.c **** 
 382:Core/Src/main.c ****   /* USER CODE END MX_GPIO_Init_1 */
 383:Core/Src/main.c **** 
 384:Core/Src/main.c ****   /* GPIO Ports Clock Enable */
 385:Core/Src/main.c ****   __HAL_RCC_GPIOA_CLK_ENABLE();
  49              		.loc 1 385 3 is_stmt 1 view .LVU3
  50              	.LBB4:
  51              		.loc 1 385 3 view .LVU4
  52              		.loc 1 385 3 view .LVU5
  53 0010 1F4B     		ldr	r3, .L3
  54 0012 9A69     		ldr	r2, [r3, #24]
  55 0014 42F00402 		orr	r2, r2, #4
  56 0018 9A61     		str	r2, [r3, #24]
  57              		.loc 1 385 3 view .LVU6
  58 001a 9A69     		ldr	r2, [r3, #24]
  59 001c 02F00402 		and	r2, r2, #4
  60 0020 0092     		str	r2, [sp]
  61              		.loc 1 385 3 view .LVU7
  62 0022 009A     		ldr	r2, [sp]
  63              	.LBE4:
  64              		.loc 1 385 3 view .LVU8
 386:Core/Src/main.c ****   __HAL_RCC_GPIOB_CLK_ENABLE();
  65              		.loc 1 386 3 view .LVU9
  66              	.LBB5:
  67              		.loc 1 386 3 view .LVU10
  68              		.loc 1 386 3 view .LVU11
  69 0024 9A69     		ldr	r2, [r3, #24]
  70 0026 42F00802 		orr	r2, r2, #8
  71 002a 9A61     		str	r2, [r3, #24]
ARM GAS  D:\TMP\ccFdR9Oz.s 			page 9


  72              		.loc 1 386 3 view .LVU12
  73 002c 9B69     		ldr	r3, [r3, #24]
  74 002e 03F00803 		and	r3, r3, #8
  75 0032 0193     		str	r3, [sp, #4]
  76              		.loc 1 386 3 view .LVU13
  77 0034 019B     		ldr	r3, [sp, #4]
  78              	.LBE5:
  79              		.loc 1 386 3 view .LVU14
 387:Core/Src/main.c **** 
 388:Core/Src/main.c ****   /*Configure GPIO pin Output Level */
 389:Core/Src/main.c ****   HAL_GPIO_WritePin(GPIOA, STBY_Pin|AIN1_Pin|AIN2_Pin, GPIO_PIN_RESET);
  80              		.loc 1 389 3 view .LVU15
  81 0036 DFF85C80 		ldr	r8, .L3+4
  82 003a 2246     		mov	r2, r4
  83 003c 3821     		movs	r1, #56
  84 003e 4046     		mov	r0, r8
  85 0040 FFF7FEFF 		bl	HAL_GPIO_WritePin
  86              	.LVL0:
 390:Core/Src/main.c **** 
 391:Core/Src/main.c ****   /*Configure GPIO pin Output Level */
 392:Core/Src/main.c ****   HAL_GPIO_WritePin(GPIOB, BIN2_Pin|BIN1_Pin, GPIO_PIN_RESET);
  87              		.loc 1 392 3 view .LVU16
  88 0044 144D     		ldr	r5, .L3+8
  89 0046 2246     		mov	r2, r4
  90 0048 0321     		movs	r1, #3
  91 004a 2846     		mov	r0, r5
  92 004c FFF7FEFF 		bl	HAL_GPIO_WritePin
  93              	.LVL1:
 393:Core/Src/main.c **** 
 394:Core/Src/main.c ****   /*Configure GPIO pins : STBY_Pin AIN1_Pin AIN2_Pin */
 395:Core/Src/main.c ****   GPIO_InitStruct.Pin = STBY_Pin|AIN1_Pin|AIN2_Pin;
  94              		.loc 1 395 3 view .LVU17
  95              		.loc 1 395 23 is_stmt 0 view .LVU18
  96 0050 3823     		movs	r3, #56
  97 0052 0293     		str	r3, [sp, #8]
 396:Core/Src/main.c ****   GPIO_InitStruct.Mode = GPIO_MODE_OUTPUT_PP;
  98              		.loc 1 396 3 is_stmt 1 view .LVU19
  99              		.loc 1 396 24 is_stmt 0 view .LVU20
 100 0054 0126     		movs	r6, #1
 101 0056 0396     		str	r6, [sp, #12]
 397:Core/Src/main.c ****   GPIO_InitStruct.Pull = GPIO_NOPULL;
 102              		.loc 1 397 3 is_stmt 1 view .LVU21
 103              		.loc 1 397 24 is_stmt 0 view .LVU22
 104 0058 0494     		str	r4, [sp, #16]
 398:Core/Src/main.c ****   GPIO_InitStruct.Speed = GPIO_SPEED_FREQ_LOW;
 105              		.loc 1 398 3 is_stmt 1 view .LVU23
 106              		.loc 1 398 25 is_stmt 0 view .LVU24
 107 005a 0227     		movs	r7, #2
 108 005c 0597     		str	r7, [sp, #20]
 399:Core/Src/main.c ****   HAL_GPIO_Init(GPIOA, &GPIO_InitStruct);
 109              		.loc 1 399 3 is_stmt 1 view .LVU25
 110 005e 02A9     		add	r1, sp, #8
 111 0060 4046     		mov	r0, r8
 112 0062 FFF7FEFF 		bl	HAL_GPIO_Init
 113              	.LVL2:
 400:Core/Src/main.c **** 
 401:Core/Src/main.c ****   /*Configure GPIO pins : BIN2_Pin BIN1_Pin */
ARM GAS  D:\TMP\ccFdR9Oz.s 			page 10


 402:Core/Src/main.c ****   GPIO_InitStruct.Pin = BIN2_Pin|BIN1_Pin;
 114              		.loc 1 402 3 view .LVU26
 115              		.loc 1 402 23 is_stmt 0 view .LVU27
 116 0066 0323     		movs	r3, #3
 117 0068 0293     		str	r3, [sp, #8]
 403:Core/Src/main.c ****   GPIO_InitStruct.Mode = GPIO_MODE_OUTPUT_PP;
 118              		.loc 1 403 3 is_stmt 1 view .LVU28
 119              		.loc 1 403 24 is_stmt 0 view .LVU29
 120 006a 0396     		str	r6, [sp, #12]
 404:Core/Src/main.c ****   GPIO_InitStruct.Pull = GPIO_NOPULL;
 121              		.loc 1 404 3 is_stmt 1 view .LVU30
 122              		.loc 1 404 24 is_stmt 0 view .LVU31
 123 006c 0494     		str	r4, [sp, #16]
 405:Core/Src/main.c ****   GPIO_InitStruct.Speed = GPIO_SPEED_FREQ_LOW;
 124              		.loc 1 405 3 is_stmt 1 view .LVU32
 125              		.loc 1 405 25 is_stmt 0 view .LVU33
 126 006e 0597     		str	r7, [sp, #20]
 406:Core/Src/main.c ****   HAL_GPIO_Init(GPIOB, &GPIO_InitStruct);
 127              		.loc 1 406 3 is_stmt 1 view .LVU34
 128 0070 02A9     		add	r1, sp, #8
 129 0072 2846     		mov	r0, r5
 130 0074 FFF7FEFF 		bl	HAL_GPIO_Init
 131              	.LVL3:
 407:Core/Src/main.c **** 
 408:Core/Src/main.c ****   /*Configure GPIO pins : TRACK1_Pin TRACK2_Pin TRACK3_Pin TRACK4_Pin
 409:Core/Src/main.c ****                            TRACK5_Pin TRACK6_Pin TRACK7_Pin */
 410:Core/Src/main.c ****   GPIO_InitStruct.Pin = TRACK1_Pin|TRACK2_Pin|TRACK3_Pin|TRACK4_Pin
 132              		.loc 1 410 3 view .LVU35
 133              		.loc 1 410 23 is_stmt 0 view .LVU36
 134 0078 4FF47E73 		mov	r3, #1016
 135 007c 0293     		str	r3, [sp, #8]
 411:Core/Src/main.c ****                           |TRACK5_Pin|TRACK6_Pin|TRACK7_Pin;
 412:Core/Src/main.c ****   GPIO_InitStruct.Mode = GPIO_MODE_INPUT;
 136              		.loc 1 412 3 is_stmt 1 view .LVU37
 137              		.loc 1 412 24 is_stmt 0 view .LVU38
 138 007e 0394     		str	r4, [sp, #12]
 413:Core/Src/main.c ****   GPIO_InitStruct.Pull = GPIO_PULLUP;
 139              		.loc 1 413 3 is_stmt 1 view .LVU39
 140              		.loc 1 413 24 is_stmt 0 view .LVU40
 141 0080 0496     		str	r6, [sp, #16]
 414:Core/Src/main.c ****   HAL_GPIO_Init(GPIOB, &GPIO_InitStruct);
 142              		.loc 1 414 3 is_stmt 1 view .LVU41
 143 0082 02A9     		add	r1, sp, #8
 144 0084 2846     		mov	r0, r5
 145 0086 FFF7FEFF 		bl	HAL_GPIO_Init
 146              	.LVL4:
 415:Core/Src/main.c **** 
 416:Core/Src/main.c ****   /* USER CODE BEGIN MX_GPIO_Init_2 */
 417:Core/Src/main.c **** 
 418:Core/Src/main.c ****   /* USER CODE END MX_GPIO_Init_2 */
 419:Core/Src/main.c **** }
 147              		.loc 1 419 1 is_stmt 0 view .LVU42
 148 008a 06B0     		add	sp, sp, #24
 149              	.LCFI2:
 150              		.cfi_def_cfa_offset 24
 151              		@ sp needed
 152 008c BDE8F081 		pop	{r4, r5, r6, r7, r8, pc}
ARM GAS  D:\TMP\ccFdR9Oz.s 			page 11


 153              	.L4:
 154              		.align	2
 155              	.L3:
 156 0090 00100240 		.word	1073876992
 157 0094 00080140 		.word	1073809408
 158 0098 000C0140 		.word	1073810432
 159              		.cfi_endproc
 160              	.LFE71:
 162              		.section	.text.HAL_TIM_PeriodElapsedCallback,"ax",%progbits
 163              		.align	1
 164              		.global	HAL_TIM_PeriodElapsedCallback
 165              		.syntax unified
 166              		.thumb
 167              		.thumb_func
 169              	HAL_TIM_PeriodElapsedCallback:
 170              	.LVL5:
 171              	.LFB72:
 420:Core/Src/main.c **** 
 421:Core/Src/main.c **** /* USER CODE BEGIN 4 */
 422:Core/Src/main.c **** void HAL_TIM_PeriodElapsedCallback(TIM_HandleTypeDef *htim)
 423:Core/Src/main.c **** {
 172              		.loc 1 423 1 is_stmt 1 view -0
 173              		.cfi_startproc
 174              		@ args = 0, pretend = 0, frame = 0
 175              		@ frame_needed = 0, uses_anonymous_args = 0
 176              		.loc 1 423 1 is_stmt 0 view .LVU44
 177 0000 08B5     		push	{r3, lr}
 178              	.LCFI3:
 179              		.cfi_def_cfa_offset 8
 180              		.cfi_offset 3, -8
 181              		.cfi_offset 14, -4
 424:Core/Src/main.c ****   if (htim->Instance == TIM4)
 182              		.loc 1 424 3 is_stmt 1 view .LVU45
 183              		.loc 1 424 11 is_stmt 0 view .LVU46
 184 0002 0268     		ldr	r2, [r0]
 185              		.loc 1 424 6 view .LVU47
 186 0004 034B     		ldr	r3, .L9
 187 0006 9A42     		cmp	r2, r3
 188 0008 00D0     		beq	.L8
 189              	.LVL6:
 190              	.L5:
 425:Core/Src/main.c ****   {
 426:Core/Src/main.c ****     Car_ControlStep();
 427:Core/Src/main.c ****   }
 428:Core/Src/main.c **** }
 191              		.loc 1 428 1 view .LVU48
 192 000a 08BD     		pop	{r3, pc}
 193              	.LVL7:
 194              	.L8:
 426:Core/Src/main.c ****   }
 195              		.loc 1 426 5 is_stmt 1 view .LVU49
 196 000c FFF7FEFF 		bl	Car_ControlStep
 197              	.LVL8:
 198              		.loc 1 428 1 is_stmt 0 view .LVU50
 199 0010 FBE7     		b	.L5
 200              	.L10:
 201 0012 00BF     		.align	2
ARM GAS  D:\TMP\ccFdR9Oz.s 			page 12


 202              	.L9:
 203 0014 00080040 		.word	1073743872
 204              		.cfi_endproc
 205              	.LFE72:
 207              		.section	.text.Error_Handler,"ax",%progbits
 208              		.align	1
 209              		.global	Error_Handler
 210              		.syntax unified
 211              		.thumb
 212              		.thumb_func
 214              	Error_Handler:
 215              	.LFB73:
 429:Core/Src/main.c **** 
 430:Core/Src/main.c **** /* USER CODE END 4 */
 431:Core/Src/main.c **** 
 432:Core/Src/main.c **** /**
 433:Core/Src/main.c ****   * @brief  This function is executed in case of error occurrence.
 434:Core/Src/main.c ****   * @retval None
 435:Core/Src/main.c ****   */
 436:Core/Src/main.c **** void Error_Handler(void)
 437:Core/Src/main.c **** {
 216              		.loc 1 437 1 is_stmt 1 view -0
 217              		.cfi_startproc
 218              		@ Volatile: function does not return.
 219              		@ args = 0, pretend = 0, frame = 0
 220              		@ frame_needed = 0, uses_anonymous_args = 0
 221              		@ link register save eliminated.
 438:Core/Src/main.c ****   /* USER CODE BEGIN Error_Handler_Debug */
 439:Core/Src/main.c ****   /* User can add his own implementation to report the HAL error return state */
 440:Core/Src/main.c ****   __disable_irq();
 222              		.loc 1 440 3 view .LVU52
 223              	.LBB6:
 224              	.LBI6:
 225              		.file 2 "Drivers/CMSIS/Include/cmsis_gcc.h"
   1:Drivers/CMSIS/Include/cmsis_gcc.h **** /**************************************************************************//**
   2:Drivers/CMSIS/Include/cmsis_gcc.h ****  * @file     cmsis_gcc.h
   3:Drivers/CMSIS/Include/cmsis_gcc.h ****  * @brief    CMSIS compiler GCC header file
   4:Drivers/CMSIS/Include/cmsis_gcc.h ****  * @version  V5.0.4
   5:Drivers/CMSIS/Include/cmsis_gcc.h ****  * @date     09. April 2018
   6:Drivers/CMSIS/Include/cmsis_gcc.h ****  ******************************************************************************/
   7:Drivers/CMSIS/Include/cmsis_gcc.h **** /*
   8:Drivers/CMSIS/Include/cmsis_gcc.h ****  * Copyright (c) 2009-2018 Arm Limited. All rights reserved.
   9:Drivers/CMSIS/Include/cmsis_gcc.h ****  *
  10:Drivers/CMSIS/Include/cmsis_gcc.h ****  * SPDX-License-Identifier: Apache-2.0
  11:Drivers/CMSIS/Include/cmsis_gcc.h ****  *
  12:Drivers/CMSIS/Include/cmsis_gcc.h ****  * Licensed under the Apache License, Version 2.0 (the License); you may
  13:Drivers/CMSIS/Include/cmsis_gcc.h ****  * not use this file except in compliance with the License.
  14:Drivers/CMSIS/Include/cmsis_gcc.h ****  * You may obtain a copy of the License at
  15:Drivers/CMSIS/Include/cmsis_gcc.h ****  *
  16:Drivers/CMSIS/Include/cmsis_gcc.h ****  * www.apache.org/licenses/LICENSE-2.0
  17:Drivers/CMSIS/Include/cmsis_gcc.h ****  *
  18:Drivers/CMSIS/Include/cmsis_gcc.h ****  * Unless required by applicable law or agreed to in writing, software
  19:Drivers/CMSIS/Include/cmsis_gcc.h ****  * distributed under the License is distributed on an AS IS BASIS, WITHOUT
  20:Drivers/CMSIS/Include/cmsis_gcc.h ****  * WARRANTIES OR CONDITIONS OF ANY KIND, either express or implied.
  21:Drivers/CMSIS/Include/cmsis_gcc.h ****  * See the License for the specific language governing permissions and
  22:Drivers/CMSIS/Include/cmsis_gcc.h ****  * limitations under the License.
  23:Drivers/CMSIS/Include/cmsis_gcc.h ****  */
ARM GAS  D:\TMP\ccFdR9Oz.s 			page 13


  24:Drivers/CMSIS/Include/cmsis_gcc.h **** 
  25:Drivers/CMSIS/Include/cmsis_gcc.h **** #ifndef __CMSIS_GCC_H
  26:Drivers/CMSIS/Include/cmsis_gcc.h **** #define __CMSIS_GCC_H
  27:Drivers/CMSIS/Include/cmsis_gcc.h **** 
  28:Drivers/CMSIS/Include/cmsis_gcc.h **** /* ignore some GCC warnings */
  29:Drivers/CMSIS/Include/cmsis_gcc.h **** #pragma GCC diagnostic push
  30:Drivers/CMSIS/Include/cmsis_gcc.h **** #pragma GCC diagnostic ignored "-Wsign-conversion"
  31:Drivers/CMSIS/Include/cmsis_gcc.h **** #pragma GCC diagnostic ignored "-Wconversion"
  32:Drivers/CMSIS/Include/cmsis_gcc.h **** #pragma GCC diagnostic ignored "-Wunused-parameter"
  33:Drivers/CMSIS/Include/cmsis_gcc.h **** 
  34:Drivers/CMSIS/Include/cmsis_gcc.h **** /* Fallback for __has_builtin */
  35:Drivers/CMSIS/Include/cmsis_gcc.h **** #ifndef __has_builtin
  36:Drivers/CMSIS/Include/cmsis_gcc.h ****   #define __has_builtin(x) (0)
  37:Drivers/CMSIS/Include/cmsis_gcc.h **** #endif
  38:Drivers/CMSIS/Include/cmsis_gcc.h **** 
  39:Drivers/CMSIS/Include/cmsis_gcc.h **** /* CMSIS compiler specific defines */
  40:Drivers/CMSIS/Include/cmsis_gcc.h **** #ifndef   __ASM
  41:Drivers/CMSIS/Include/cmsis_gcc.h ****   #define __ASM                                  __asm
  42:Drivers/CMSIS/Include/cmsis_gcc.h **** #endif
  43:Drivers/CMSIS/Include/cmsis_gcc.h **** #ifndef   __INLINE
  44:Drivers/CMSIS/Include/cmsis_gcc.h ****   #define __INLINE                               inline
  45:Drivers/CMSIS/Include/cmsis_gcc.h **** #endif
  46:Drivers/CMSIS/Include/cmsis_gcc.h **** #ifndef   __STATIC_INLINE
  47:Drivers/CMSIS/Include/cmsis_gcc.h ****   #define __STATIC_INLINE                        static inline
  48:Drivers/CMSIS/Include/cmsis_gcc.h **** #endif
  49:Drivers/CMSIS/Include/cmsis_gcc.h **** #ifndef   __STATIC_FORCEINLINE                 
  50:Drivers/CMSIS/Include/cmsis_gcc.h ****   #define __STATIC_FORCEINLINE                   __attribute__((always_inline)) static inline
  51:Drivers/CMSIS/Include/cmsis_gcc.h **** #endif                                           
  52:Drivers/CMSIS/Include/cmsis_gcc.h **** #ifndef   __NO_RETURN
  53:Drivers/CMSIS/Include/cmsis_gcc.h ****   #define __NO_RETURN                            __attribute__((__noreturn__))
  54:Drivers/CMSIS/Include/cmsis_gcc.h **** #endif
  55:Drivers/CMSIS/Include/cmsis_gcc.h **** #ifndef   __USED
  56:Drivers/CMSIS/Include/cmsis_gcc.h ****   #define __USED                                 __attribute__((used))
  57:Drivers/CMSIS/Include/cmsis_gcc.h **** #endif
  58:Drivers/CMSIS/Include/cmsis_gcc.h **** #ifndef   __WEAK
  59:Drivers/CMSIS/Include/cmsis_gcc.h ****   #define __WEAK                                 __attribute__((weak))
  60:Drivers/CMSIS/Include/cmsis_gcc.h **** #endif
  61:Drivers/CMSIS/Include/cmsis_gcc.h **** #ifndef   __PACKED
  62:Drivers/CMSIS/Include/cmsis_gcc.h ****   #define __PACKED                               __attribute__((packed, aligned(1)))
  63:Drivers/CMSIS/Include/cmsis_gcc.h **** #endif
  64:Drivers/CMSIS/Include/cmsis_gcc.h **** #ifndef   __PACKED_STRUCT
  65:Drivers/CMSIS/Include/cmsis_gcc.h ****   #define __PACKED_STRUCT                        struct __attribute__((packed, aligned(1)))
  66:Drivers/CMSIS/Include/cmsis_gcc.h **** #endif
  67:Drivers/CMSIS/Include/cmsis_gcc.h **** #ifndef   __PACKED_UNION
  68:Drivers/CMSIS/Include/cmsis_gcc.h ****   #define __PACKED_UNION                         union __attribute__((packed, aligned(1)))
  69:Drivers/CMSIS/Include/cmsis_gcc.h **** #endif
  70:Drivers/CMSIS/Include/cmsis_gcc.h **** #ifndef   __UNALIGNED_UINT32        /* deprecated */
  71:Drivers/CMSIS/Include/cmsis_gcc.h ****   #pragma GCC diagnostic push
  72:Drivers/CMSIS/Include/cmsis_gcc.h ****   #pragma GCC diagnostic ignored "-Wpacked"
  73:Drivers/CMSIS/Include/cmsis_gcc.h ****   #pragma GCC diagnostic ignored "-Wattributes"
  74:Drivers/CMSIS/Include/cmsis_gcc.h ****   struct __attribute__((packed)) T_UINT32 { uint32_t v; };
  75:Drivers/CMSIS/Include/cmsis_gcc.h ****   #pragma GCC diagnostic pop
  76:Drivers/CMSIS/Include/cmsis_gcc.h ****   #define __UNALIGNED_UINT32(x)                  (((struct T_UINT32 *)(x))->v)
  77:Drivers/CMSIS/Include/cmsis_gcc.h **** #endif
  78:Drivers/CMSIS/Include/cmsis_gcc.h **** #ifndef   __UNALIGNED_UINT16_WRITE
  79:Drivers/CMSIS/Include/cmsis_gcc.h ****   #pragma GCC diagnostic push
  80:Drivers/CMSIS/Include/cmsis_gcc.h ****   #pragma GCC diagnostic ignored "-Wpacked"
ARM GAS  D:\TMP\ccFdR9Oz.s 			page 14


  81:Drivers/CMSIS/Include/cmsis_gcc.h ****   #pragma GCC diagnostic ignored "-Wattributes"
  82:Drivers/CMSIS/Include/cmsis_gcc.h ****   __PACKED_STRUCT T_UINT16_WRITE { uint16_t v; };
  83:Drivers/CMSIS/Include/cmsis_gcc.h ****   #pragma GCC diagnostic pop
  84:Drivers/CMSIS/Include/cmsis_gcc.h ****   #define __UNALIGNED_UINT16_WRITE(addr, val)    (void)((((struct T_UINT16_WRITE *)(void *)(addr))-
  85:Drivers/CMSIS/Include/cmsis_gcc.h **** #endif
  86:Drivers/CMSIS/Include/cmsis_gcc.h **** #ifndef   __UNALIGNED_UINT16_READ
  87:Drivers/CMSIS/Include/cmsis_gcc.h ****   #pragma GCC diagnostic push
  88:Drivers/CMSIS/Include/cmsis_gcc.h ****   #pragma GCC diagnostic ignored "-Wpacked"
  89:Drivers/CMSIS/Include/cmsis_gcc.h ****   #pragma GCC diagnostic ignored "-Wattributes"
  90:Drivers/CMSIS/Include/cmsis_gcc.h ****   __PACKED_STRUCT T_UINT16_READ { uint16_t v; };
  91:Drivers/CMSIS/Include/cmsis_gcc.h ****   #pragma GCC diagnostic pop
  92:Drivers/CMSIS/Include/cmsis_gcc.h ****   #define __UNALIGNED_UINT16_READ(addr)          (((const struct T_UINT16_READ *)(const void *)(add
  93:Drivers/CMSIS/Include/cmsis_gcc.h **** #endif
  94:Drivers/CMSIS/Include/cmsis_gcc.h **** #ifndef   __UNALIGNED_UINT32_WRITE
  95:Drivers/CMSIS/Include/cmsis_gcc.h ****   #pragma GCC diagnostic push
  96:Drivers/CMSIS/Include/cmsis_gcc.h ****   #pragma GCC diagnostic ignored "-Wpacked"
  97:Drivers/CMSIS/Include/cmsis_gcc.h ****   #pragma GCC diagnostic ignored "-Wattributes"
  98:Drivers/CMSIS/Include/cmsis_gcc.h ****   __PACKED_STRUCT T_UINT32_WRITE { uint32_t v; };
  99:Drivers/CMSIS/Include/cmsis_gcc.h ****   #pragma GCC diagnostic pop
 100:Drivers/CMSIS/Include/cmsis_gcc.h ****   #define __UNALIGNED_UINT32_WRITE(addr, val)    (void)((((struct T_UINT32_WRITE *)(void *)(addr))-
 101:Drivers/CMSIS/Include/cmsis_gcc.h **** #endif
 102:Drivers/CMSIS/Include/cmsis_gcc.h **** #ifndef   __UNALIGNED_UINT32_READ
 103:Drivers/CMSIS/Include/cmsis_gcc.h ****   #pragma GCC diagnostic push
 104:Drivers/CMSIS/Include/cmsis_gcc.h ****   #pragma GCC diagnostic ignored "-Wpacked"
 105:Drivers/CMSIS/Include/cmsis_gcc.h ****   #pragma GCC diagnostic ignored "-Wattributes"
 106:Drivers/CMSIS/Include/cmsis_gcc.h ****   __PACKED_STRUCT T_UINT32_READ { uint32_t v; };
 107:Drivers/CMSIS/Include/cmsis_gcc.h ****   #pragma GCC diagnostic pop
 108:Drivers/CMSIS/Include/cmsis_gcc.h ****   #define __UNALIGNED_UINT32_READ(addr)          (((const struct T_UINT32_READ *)(const void *)(add
 109:Drivers/CMSIS/Include/cmsis_gcc.h **** #endif
 110:Drivers/CMSIS/Include/cmsis_gcc.h **** #ifndef   __ALIGNED
 111:Drivers/CMSIS/Include/cmsis_gcc.h ****   #define __ALIGNED(x)                           __attribute__((aligned(x)))
 112:Drivers/CMSIS/Include/cmsis_gcc.h **** #endif
 113:Drivers/CMSIS/Include/cmsis_gcc.h **** #ifndef   __RESTRICT
 114:Drivers/CMSIS/Include/cmsis_gcc.h ****   #define __RESTRICT                             __restrict
 115:Drivers/CMSIS/Include/cmsis_gcc.h **** #endif
 116:Drivers/CMSIS/Include/cmsis_gcc.h **** 
 117:Drivers/CMSIS/Include/cmsis_gcc.h **** 
 118:Drivers/CMSIS/Include/cmsis_gcc.h **** /* ###########################  Core Function Access  ########################### */
 119:Drivers/CMSIS/Include/cmsis_gcc.h **** /** \ingroup  CMSIS_Core_FunctionInterface
 120:Drivers/CMSIS/Include/cmsis_gcc.h ****     \defgroup CMSIS_Core_RegAccFunctions CMSIS Core Register Access Functions
 121:Drivers/CMSIS/Include/cmsis_gcc.h ****   @{
 122:Drivers/CMSIS/Include/cmsis_gcc.h ****  */
 123:Drivers/CMSIS/Include/cmsis_gcc.h **** 
 124:Drivers/CMSIS/Include/cmsis_gcc.h **** /**
 125:Drivers/CMSIS/Include/cmsis_gcc.h ****   \brief   Enable IRQ Interrupts
 126:Drivers/CMSIS/Include/cmsis_gcc.h ****   \details Enables IRQ interrupts by clearing the I-bit in the CPSR.
 127:Drivers/CMSIS/Include/cmsis_gcc.h ****            Can only be executed in Privileged modes.
 128:Drivers/CMSIS/Include/cmsis_gcc.h ****  */
 129:Drivers/CMSIS/Include/cmsis_gcc.h **** __STATIC_FORCEINLINE void __enable_irq(void)
 130:Drivers/CMSIS/Include/cmsis_gcc.h **** {
 131:Drivers/CMSIS/Include/cmsis_gcc.h ****   __ASM volatile ("cpsie i" : : : "memory");
 132:Drivers/CMSIS/Include/cmsis_gcc.h **** }
 133:Drivers/CMSIS/Include/cmsis_gcc.h **** 
 134:Drivers/CMSIS/Include/cmsis_gcc.h **** 
 135:Drivers/CMSIS/Include/cmsis_gcc.h **** /**
 136:Drivers/CMSIS/Include/cmsis_gcc.h ****   \brief   Disable IRQ Interrupts
 137:Drivers/CMSIS/Include/cmsis_gcc.h ****   \details Disables IRQ interrupts by setting the I-bit in the CPSR.
ARM GAS  D:\TMP\ccFdR9Oz.s 			page 15


 138:Drivers/CMSIS/Include/cmsis_gcc.h ****            Can only be executed in Privileged modes.
 139:Drivers/CMSIS/Include/cmsis_gcc.h ****  */
 140:Drivers/CMSIS/Include/cmsis_gcc.h **** __STATIC_FORCEINLINE void __disable_irq(void)
 226              		.loc 2 140 27 view .LVU53
 227              	.LBB7:
 141:Drivers/CMSIS/Include/cmsis_gcc.h **** {
 142:Drivers/CMSIS/Include/cmsis_gcc.h ****   __ASM volatile ("cpsid i" : : : "memory");
 228              		.loc 2 142 3 view .LVU54
 229              		.syntax unified
 230              	@ 142 "Drivers/CMSIS/Include/cmsis_gcc.h" 1
 231 0000 72B6     		cpsid i
 232              	@ 0 "" 2
 233              		.thumb
 234              		.syntax unified
 235              	.L12:
 236              	.LBE7:
 237              	.LBE6:
 441:Core/Src/main.c ****   while (1)
 238              		.loc 1 441 3 view .LVU55
 442:Core/Src/main.c ****   {
 443:Core/Src/main.c ****   }
 239              		.loc 1 443 3 view .LVU56
 441:Core/Src/main.c ****   while (1)
 240              		.loc 1 441 9 view .LVU57
 241 0002 FEE7     		b	.L12
 242              		.cfi_endproc
 243              	.LFE73:
 245              		.section	.text.MX_TIM1_Init,"ax",%progbits
 246              		.align	1
 247              		.syntax unified
 248              		.thumb
 249              		.thumb_func
 251              	MX_TIM1_Init:
 252              	.LFB66:
 143:Core/Src/main.c **** 
 253              		.loc 1 143 1 view -0
 254              		.cfi_startproc
 255              		@ args = 0, pretend = 0, frame = 48
 256              		@ frame_needed = 0, uses_anonymous_args = 0
 257 0000 00B5     		push	{lr}
 258              	.LCFI4:
 259              		.cfi_def_cfa_offset 4
 260              		.cfi_offset 14, -4
 261 0002 8DB0     		sub	sp, sp, #52
 262              	.LCFI5:
 263              		.cfi_def_cfa_offset 56
 149:Core/Src/main.c ****   TIM_MasterConfigTypeDef sMasterConfig = {0};
 264              		.loc 1 149 3 view .LVU59
 149:Core/Src/main.c ****   TIM_MasterConfigTypeDef sMasterConfig = {0};
 265              		.loc 1 149 27 is_stmt 0 view .LVU60
 266 0004 2422     		movs	r2, #36
 267 0006 0021     		movs	r1, #0
 268 0008 03A8     		add	r0, sp, #12
 269 000a FFF7FEFF 		bl	memset
 270              	.LVL9:
 150:Core/Src/main.c **** 
 271              		.loc 1 150 3 is_stmt 1 view .LVU61
ARM GAS  D:\TMP\ccFdR9Oz.s 			page 16


 150:Core/Src/main.c **** 
 272              		.loc 1 150 27 is_stmt 0 view .LVU62
 273 000e 0023     		movs	r3, #0
 274 0010 0193     		str	r3, [sp, #4]
 275 0012 0293     		str	r3, [sp, #8]
 155:Core/Src/main.c ****   htim1.Init.Prescaler = 0;
 276              		.loc 1 155 3 is_stmt 1 view .LVU63
 155:Core/Src/main.c ****   htim1.Init.Prescaler = 0;
 277              		.loc 1 155 18 is_stmt 0 view .LVU64
 278 0014 1248     		ldr	r0, .L19
 279 0016 134A     		ldr	r2, .L19+4
 280 0018 0260     		str	r2, [r0]
 156:Core/Src/main.c ****   htim1.Init.CounterMode = TIM_COUNTERMODE_UP;
 281              		.loc 1 156 3 is_stmt 1 view .LVU65
 156:Core/Src/main.c ****   htim1.Init.CounterMode = TIM_COUNTERMODE_UP;
 282              		.loc 1 156 24 is_stmt 0 view .LVU66
 283 001a 4360     		str	r3, [r0, #4]
 157:Core/Src/main.c ****   htim1.Init.Period = 65535;
 284              		.loc 1 157 3 is_stmt 1 view .LVU67
 157:Core/Src/main.c ****   htim1.Init.Period = 65535;
 285              		.loc 1 157 26 is_stmt 0 view .LVU68
 286 001c 8360     		str	r3, [r0, #8]
 158:Core/Src/main.c ****   htim1.Init.ClockDivision = TIM_CLOCKDIVISION_DIV1;
 287              		.loc 1 158 3 is_stmt 1 view .LVU69
 158:Core/Src/main.c ****   htim1.Init.ClockDivision = TIM_CLOCKDIVISION_DIV1;
 288              		.loc 1 158 21 is_stmt 0 view .LVU70
 289 001e 4FF6FF72 		movw	r2, #65535
 290 0022 C260     		str	r2, [r0, #12]
 159:Core/Src/main.c ****   htim1.Init.RepetitionCounter = 0;
 291              		.loc 1 159 3 is_stmt 1 view .LVU71
 159:Core/Src/main.c ****   htim1.Init.RepetitionCounter = 0;
 292              		.loc 1 159 28 is_stmt 0 view .LVU72
 293 0024 0361     		str	r3, [r0, #16]
 160:Core/Src/main.c ****   htim1.Init.AutoReloadPreload = TIM_AUTORELOAD_PRELOAD_DISABLE;
 294              		.loc 1 160 3 is_stmt 1 view .LVU73
 160:Core/Src/main.c ****   htim1.Init.AutoReloadPreload = TIM_AUTORELOAD_PRELOAD_DISABLE;
 295              		.loc 1 160 32 is_stmt 0 view .LVU74
 296 0026 4361     		str	r3, [r0, #20]
 161:Core/Src/main.c ****   sConfig.EncoderMode = TIM_ENCODERMODE_TI12;
 297              		.loc 1 161 3 is_stmt 1 view .LVU75
 161:Core/Src/main.c ****   sConfig.EncoderMode = TIM_ENCODERMODE_TI12;
 298              		.loc 1 161 32 is_stmt 0 view .LVU76
 299 0028 8361     		str	r3, [r0, #24]
 162:Core/Src/main.c ****   sConfig.IC1Polarity = TIM_ICPOLARITY_RISING;
 300              		.loc 1 162 3 is_stmt 1 view .LVU77
 162:Core/Src/main.c ****   sConfig.IC1Polarity = TIM_ICPOLARITY_RISING;
 301              		.loc 1 162 23 is_stmt 0 view .LVU78
 302 002a 0323     		movs	r3, #3
 303 002c 0393     		str	r3, [sp, #12]
 163:Core/Src/main.c ****   sConfig.IC1Selection = TIM_ICSELECTION_DIRECTTI;
 304              		.loc 1 163 3 is_stmt 1 view .LVU79
 164:Core/Src/main.c ****   sConfig.IC1Prescaler = TIM_ICPSC_DIV1;
 305              		.loc 1 164 3 view .LVU80
 164:Core/Src/main.c ****   sConfig.IC1Prescaler = TIM_ICPSC_DIV1;
 306              		.loc 1 164 24 is_stmt 0 view .LVU81
 307 002e 0122     		movs	r2, #1
 308 0030 0592     		str	r2, [sp, #20]
ARM GAS  D:\TMP\ccFdR9Oz.s 			page 17


 165:Core/Src/main.c ****   sConfig.IC1Filter = 4;
 309              		.loc 1 165 3 is_stmt 1 view .LVU82
 166:Core/Src/main.c ****   sConfig.IC2Polarity = TIM_ICPOLARITY_RISING;
 310              		.loc 1 166 3 view .LVU83
 166:Core/Src/main.c ****   sConfig.IC2Polarity = TIM_ICPOLARITY_RISING;
 311              		.loc 1 166 21 is_stmt 0 view .LVU84
 312 0032 0423     		movs	r3, #4
 313 0034 0793     		str	r3, [sp, #28]
 167:Core/Src/main.c ****   sConfig.IC2Selection = TIM_ICSELECTION_DIRECTTI;
 314              		.loc 1 167 3 is_stmt 1 view .LVU85
 168:Core/Src/main.c ****   sConfig.IC2Prescaler = TIM_ICPSC_DIV1;
 315              		.loc 1 168 3 view .LVU86
 168:Core/Src/main.c ****   sConfig.IC2Prescaler = TIM_ICPSC_DIV1;
 316              		.loc 1 168 24 is_stmt 0 view .LVU87
 317 0036 0992     		str	r2, [sp, #36]
 169:Core/Src/main.c ****   sConfig.IC2Filter = 4;
 318              		.loc 1 169 3 is_stmt 1 view .LVU88
 170:Core/Src/main.c ****   if (HAL_TIM_Encoder_Init(&htim1, &sConfig) != HAL_OK)
 319              		.loc 1 170 3 view .LVU89
 170:Core/Src/main.c ****   if (HAL_TIM_Encoder_Init(&htim1, &sConfig) != HAL_OK)
 320              		.loc 1 170 21 is_stmt 0 view .LVU90
 321 0038 0B93     		str	r3, [sp, #44]
 171:Core/Src/main.c ****   {
 322              		.loc 1 171 3 is_stmt 1 view .LVU91
 171:Core/Src/main.c ****   {
 323              		.loc 1 171 7 is_stmt 0 view .LVU92
 324 003a 03A9     		add	r1, sp, #12
 325 003c FFF7FEFF 		bl	HAL_TIM_Encoder_Init
 326              	.LVL10:
 171:Core/Src/main.c ****   {
 327              		.loc 1 171 6 discriminator 1 view .LVU93
 328 0040 50B9     		cbnz	r0, .L17
 175:Core/Src/main.c ****   sMasterConfig.MasterSlaveMode = TIM_MASTERSLAVEMODE_DISABLE;
 329              		.loc 1 175 3 is_stmt 1 view .LVU94
 175:Core/Src/main.c ****   sMasterConfig.MasterSlaveMode = TIM_MASTERSLAVEMODE_DISABLE;
 330              		.loc 1 175 37 is_stmt 0 view .LVU95
 331 0042 0023     		movs	r3, #0
 332 0044 0193     		str	r3, [sp, #4]
 176:Core/Src/main.c ****   if (HAL_TIMEx_MasterConfigSynchronization(&htim1, &sMasterConfig) != HAL_OK)
 333              		.loc 1 176 3 is_stmt 1 view .LVU96
 176:Core/Src/main.c ****   if (HAL_TIMEx_MasterConfigSynchronization(&htim1, &sMasterConfig) != HAL_OK)
 334              		.loc 1 176 33 is_stmt 0 view .LVU97
 335 0046 0293     		str	r3, [sp, #8]
 177:Core/Src/main.c ****   {
 336              		.loc 1 177 3 is_stmt 1 view .LVU98
 177:Core/Src/main.c ****   {
 337              		.loc 1 177 7 is_stmt 0 view .LVU99
 338 0048 01A9     		add	r1, sp, #4
 339 004a 0548     		ldr	r0, .L19
 340 004c FFF7FEFF 		bl	HAL_TIMEx_MasterConfigSynchronization
 341              	.LVL11:
 177:Core/Src/main.c ****   {
 342              		.loc 1 177 6 discriminator 1 view .LVU100
 343 0050 20B9     		cbnz	r0, .L18
 185:Core/Src/main.c **** 
 344              		.loc 1 185 1 view .LVU101
 345 0052 0DB0     		add	sp, sp, #52
ARM GAS  D:\TMP\ccFdR9Oz.s 			page 18


 346              	.LCFI6:
 347              		.cfi_remember_state
 348              		.cfi_def_cfa_offset 4
 349              		@ sp needed
 350 0054 5DF804FB 		ldr	pc, [sp], #4
 351              	.L17:
 352              	.LCFI7:
 353              		.cfi_restore_state
 173:Core/Src/main.c ****   }
 354              		.loc 1 173 5 is_stmt 1 view .LVU102
 355 0058 FFF7FEFF 		bl	Error_Handler
 356              	.LVL12:
 357              	.L18:
 179:Core/Src/main.c ****   }
 358              		.loc 1 179 5 view .LVU103
 359 005c FFF7FEFF 		bl	Error_Handler
 360              	.LVL13:
 361              	.L20:
 362              		.align	2
 363              	.L19:
 364 0060 00000000 		.word	htim1
 365 0064 002C0140 		.word	1073818624
 366              		.cfi_endproc
 367              	.LFE66:
 369              		.section	.text.MX_TIM2_Init,"ax",%progbits
 370              		.align	1
 371              		.syntax unified
 372              		.thumb
 373              		.thumb_func
 375              	MX_TIM2_Init:
 376              	.LFB67:
 193:Core/Src/main.c **** 
 377              		.loc 1 193 1 view -0
 378              		.cfi_startproc
 379              		@ args = 0, pretend = 0, frame = 48
 380              		@ frame_needed = 0, uses_anonymous_args = 0
 381 0000 00B5     		push	{lr}
 382              	.LCFI8:
 383              		.cfi_def_cfa_offset 4
 384              		.cfi_offset 14, -4
 385 0002 8DB0     		sub	sp, sp, #52
 386              	.LCFI9:
 387              		.cfi_def_cfa_offset 56
 199:Core/Src/main.c ****   TIM_MasterConfigTypeDef sMasterConfig = {0};
 388              		.loc 1 199 3 view .LVU105
 199:Core/Src/main.c ****   TIM_MasterConfigTypeDef sMasterConfig = {0};
 389              		.loc 1 199 27 is_stmt 0 view .LVU106
 390 0004 2422     		movs	r2, #36
 391 0006 0021     		movs	r1, #0
 392 0008 03A8     		add	r0, sp, #12
 393 000a FFF7FEFF 		bl	memset
 394              	.LVL14:
 200:Core/Src/main.c **** 
 395              		.loc 1 200 3 is_stmt 1 view .LVU107
 200:Core/Src/main.c **** 
 396              		.loc 1 200 27 is_stmt 0 view .LVU108
 397 000e 0023     		movs	r3, #0
ARM GAS  D:\TMP\ccFdR9Oz.s 			page 19


 398 0010 0193     		str	r3, [sp, #4]
 399 0012 0293     		str	r3, [sp, #8]
 205:Core/Src/main.c ****   htim2.Init.Prescaler = 0;
 400              		.loc 1 205 3 is_stmt 1 view .LVU109
 205:Core/Src/main.c ****   htim2.Init.Prescaler = 0;
 401              		.loc 1 205 18 is_stmt 0 view .LVU110
 402 0014 1248     		ldr	r0, .L27
 403 0016 4FF08042 		mov	r2, #1073741824
 404 001a 0260     		str	r2, [r0]
 206:Core/Src/main.c ****   htim2.Init.CounterMode = TIM_COUNTERMODE_UP;
 405              		.loc 1 206 3 is_stmt 1 view .LVU111
 206:Core/Src/main.c ****   htim2.Init.CounterMode = TIM_COUNTERMODE_UP;
 406              		.loc 1 206 24 is_stmt 0 view .LVU112
 407 001c 4360     		str	r3, [r0, #4]
 207:Core/Src/main.c ****   htim2.Init.Period = 65535;
 408              		.loc 1 207 3 is_stmt 1 view .LVU113
 207:Core/Src/main.c ****   htim2.Init.Period = 65535;
 409              		.loc 1 207 26 is_stmt 0 view .LVU114
 410 001e 8360     		str	r3, [r0, #8]
 208:Core/Src/main.c ****   htim2.Init.ClockDivision = TIM_CLOCKDIVISION_DIV1;
 411              		.loc 1 208 3 is_stmt 1 view .LVU115
 208:Core/Src/main.c ****   htim2.Init.ClockDivision = TIM_CLOCKDIVISION_DIV1;
 412              		.loc 1 208 21 is_stmt 0 view .LVU116
 413 0020 4FF6FF72 		movw	r2, #65535
 414 0024 C260     		str	r2, [r0, #12]
 209:Core/Src/main.c ****   htim2.Init.AutoReloadPreload = TIM_AUTORELOAD_PRELOAD_DISABLE;
 415              		.loc 1 209 3 is_stmt 1 view .LVU117
 209:Core/Src/main.c ****   htim2.Init.AutoReloadPreload = TIM_AUTORELOAD_PRELOAD_DISABLE;
 416              		.loc 1 209 28 is_stmt 0 view .LVU118
 417 0026 0361     		str	r3, [r0, #16]
 210:Core/Src/main.c ****   sConfig.EncoderMode = TIM_ENCODERMODE_TI12;
 418              		.loc 1 210 3 is_stmt 1 view .LVU119
 210:Core/Src/main.c ****   sConfig.EncoderMode = TIM_ENCODERMODE_TI12;
 419              		.loc 1 210 32 is_stmt 0 view .LVU120
 420 0028 8361     		str	r3, [r0, #24]
 211:Core/Src/main.c ****   sConfig.IC1Polarity = TIM_ICPOLARITY_RISING;
 421              		.loc 1 211 3 is_stmt 1 view .LVU121
 211:Core/Src/main.c ****   sConfig.IC1Polarity = TIM_ICPOLARITY_RISING;
 422              		.loc 1 211 23 is_stmt 0 view .LVU122
 423 002a 0323     		movs	r3, #3
 424 002c 0393     		str	r3, [sp, #12]
 212:Core/Src/main.c ****   sConfig.IC1Selection = TIM_ICSELECTION_DIRECTTI;
 425              		.loc 1 212 3 is_stmt 1 view .LVU123
 213:Core/Src/main.c ****   sConfig.IC1Prescaler = TIM_ICPSC_DIV1;
 426              		.loc 1 213 3 view .LVU124
 213:Core/Src/main.c ****   sConfig.IC1Prescaler = TIM_ICPSC_DIV1;
 427              		.loc 1 213 24 is_stmt 0 view .LVU125
 428 002e 0122     		movs	r2, #1
 429 0030 0592     		str	r2, [sp, #20]
 214:Core/Src/main.c ****   sConfig.IC1Filter = 4;
 430              		.loc 1 214 3 is_stmt 1 view .LVU126
 215:Core/Src/main.c ****   sConfig.IC2Polarity = TIM_ICPOLARITY_RISING;
 431              		.loc 1 215 3 view .LVU127
 215:Core/Src/main.c ****   sConfig.IC2Polarity = TIM_ICPOLARITY_RISING;
 432              		.loc 1 215 21 is_stmt 0 view .LVU128
 433 0032 0423     		movs	r3, #4
 434 0034 0793     		str	r3, [sp, #28]
ARM GAS  D:\TMP\ccFdR9Oz.s 			page 20


 216:Core/Src/main.c ****   sConfig.IC2Selection = TIM_ICSELECTION_DIRECTTI;
 435              		.loc 1 216 3 is_stmt 1 view .LVU129
 217:Core/Src/main.c ****   sConfig.IC2Prescaler = TIM_ICPSC_DIV1;
 436              		.loc 1 217 3 view .LVU130
 217:Core/Src/main.c ****   sConfig.IC2Prescaler = TIM_ICPSC_DIV1;
 437              		.loc 1 217 24 is_stmt 0 view .LVU131
 438 0036 0992     		str	r2, [sp, #36]
 218:Core/Src/main.c ****   sConfig.IC2Filter = 4;
 439              		.loc 1 218 3 is_stmt 1 view .LVU132
 219:Core/Src/main.c ****   if (HAL_TIM_Encoder_Init(&htim2, &sConfig) != HAL_OK)
 440              		.loc 1 219 3 view .LVU133
 219:Core/Src/main.c ****   if (HAL_TIM_Encoder_Init(&htim2, &sConfig) != HAL_OK)
 441              		.loc 1 219 21 is_stmt 0 view .LVU134
 442 0038 0B93     		str	r3, [sp, #44]
 220:Core/Src/main.c ****   {
 443              		.loc 1 220 3 is_stmt 1 view .LVU135
 220:Core/Src/main.c ****   {
 444              		.loc 1 220 7 is_stmt 0 view .LVU136
 445 003a 03A9     		add	r1, sp, #12
 446 003c FFF7FEFF 		bl	HAL_TIM_Encoder_Init
 447              	.LVL15:
 220:Core/Src/main.c ****   {
 448              		.loc 1 220 6 discriminator 1 view .LVU137
 449 0040 50B9     		cbnz	r0, .L25
 224:Core/Src/main.c ****   sMasterConfig.MasterSlaveMode = TIM_MASTERSLAVEMODE_DISABLE;
 450              		.loc 1 224 3 is_stmt 1 view .LVU138
 224:Core/Src/main.c ****   sMasterConfig.MasterSlaveMode = TIM_MASTERSLAVEMODE_DISABLE;
 451              		.loc 1 224 37 is_stmt 0 view .LVU139
 452 0042 0023     		movs	r3, #0
 453 0044 0193     		str	r3, [sp, #4]
 225:Core/Src/main.c ****   if (HAL_TIMEx_MasterConfigSynchronization(&htim2, &sMasterConfig) != HAL_OK)
 454              		.loc 1 225 3 is_stmt 1 view .LVU140
 225:Core/Src/main.c ****   if (HAL_TIMEx_MasterConfigSynchronization(&htim2, &sMasterConfig) != HAL_OK)
 455              		.loc 1 225 33 is_stmt 0 view .LVU141
 456 0046 0293     		str	r3, [sp, #8]
 226:Core/Src/main.c ****   {
 457              		.loc 1 226 3 is_stmt 1 view .LVU142
 226:Core/Src/main.c ****   {
 458              		.loc 1 226 7 is_stmt 0 view .LVU143
 459 0048 01A9     		add	r1, sp, #4
 460 004a 0548     		ldr	r0, .L27
 461 004c FFF7FEFF 		bl	HAL_TIMEx_MasterConfigSynchronization
 462              	.LVL16:
 226:Core/Src/main.c ****   {
 463              		.loc 1 226 6 discriminator 1 view .LVU144
 464 0050 20B9     		cbnz	r0, .L26
 234:Core/Src/main.c **** 
 465              		.loc 1 234 1 view .LVU145
 466 0052 0DB0     		add	sp, sp, #52
 467              	.LCFI10:
 468              		.cfi_remember_state
 469              		.cfi_def_cfa_offset 4
 470              		@ sp needed
 471 0054 5DF804FB 		ldr	pc, [sp], #4
 472              	.L25:
 473              	.LCFI11:
 474              		.cfi_restore_state
ARM GAS  D:\TMP\ccFdR9Oz.s 			page 21


 222:Core/Src/main.c ****   }
 475              		.loc 1 222 5 is_stmt 1 view .LVU146
 476 0058 FFF7FEFF 		bl	Error_Handler
 477              	.LVL17:
 478              	.L26:
 228:Core/Src/main.c ****   }
 479              		.loc 1 228 5 view .LVU147
 480 005c FFF7FEFF 		bl	Error_Handler
 481              	.LVL18:
 482              	.L28:
 483              		.align	2
 484              	.L27:
 485 0060 00000000 		.word	htim2
 486              		.cfi_endproc
 487              	.LFE67:
 489              		.section	.text.MX_TIM3_Init,"ax",%progbits
 490              		.align	1
 491              		.syntax unified
 492              		.thumb
 493              		.thumb_func
 495              	MX_TIM3_Init:
 496              	.LFB68:
 242:Core/Src/main.c **** 
 497              		.loc 1 242 1 view -0
 498              		.cfi_startproc
 499              		@ args = 0, pretend = 0, frame = 40
 500              		@ frame_needed = 0, uses_anonymous_args = 0
 501 0000 00B5     		push	{lr}
 502              	.LCFI12:
 503              		.cfi_def_cfa_offset 4
 504              		.cfi_offset 14, -4
 505 0002 8BB0     		sub	sp, sp, #44
 506              	.LCFI13:
 507              		.cfi_def_cfa_offset 48
 248:Core/Src/main.c ****   TIM_OC_InitTypeDef sConfigOC = {0};
 508              		.loc 1 248 3 view .LVU149
 248:Core/Src/main.c ****   TIM_OC_InitTypeDef sConfigOC = {0};
 509              		.loc 1 248 27 is_stmt 0 view .LVU150
 510 0004 0023     		movs	r3, #0
 511 0006 0893     		str	r3, [sp, #32]
 512 0008 0993     		str	r3, [sp, #36]
 249:Core/Src/main.c **** 
 513              		.loc 1 249 3 is_stmt 1 view .LVU151
 249:Core/Src/main.c **** 
 514              		.loc 1 249 22 is_stmt 0 view .LVU152
 515 000a 0193     		str	r3, [sp, #4]
 516 000c 0293     		str	r3, [sp, #8]
 517 000e 0393     		str	r3, [sp, #12]
 518 0010 0493     		str	r3, [sp, #16]
 519 0012 0593     		str	r3, [sp, #20]
 520 0014 0693     		str	r3, [sp, #24]
 521 0016 0793     		str	r3, [sp, #28]
 254:Core/Src/main.c ****   htim3.Init.Prescaler = 0;
 522              		.loc 1 254 3 is_stmt 1 view .LVU153
 254:Core/Src/main.c ****   htim3.Init.Prescaler = 0;
 523              		.loc 1 254 18 is_stmt 0 view .LVU154
 524 0018 1A48     		ldr	r0, .L39
ARM GAS  D:\TMP\ccFdR9Oz.s 			page 22


 525 001a 1B4A     		ldr	r2, .L39+4
 526 001c 0260     		str	r2, [r0]
 255:Core/Src/main.c ****   htim3.Init.CounterMode = TIM_COUNTERMODE_UP;
 527              		.loc 1 255 3 is_stmt 1 view .LVU155
 255:Core/Src/main.c ****   htim3.Init.CounterMode = TIM_COUNTERMODE_UP;
 528              		.loc 1 255 24 is_stmt 0 view .LVU156
 529 001e 4360     		str	r3, [r0, #4]
 256:Core/Src/main.c ****   htim3.Init.Period = CAR_PWM_MAX;
 530              		.loc 1 256 3 is_stmt 1 view .LVU157
 256:Core/Src/main.c ****   htim3.Init.Period = CAR_PWM_MAX;
 531              		.loc 1 256 26 is_stmt 0 view .LVU158
 532 0020 8360     		str	r3, [r0, #8]
 257:Core/Src/main.c ****   htim3.Init.ClockDivision = TIM_CLOCKDIVISION_DIV1;
 533              		.loc 1 257 3 is_stmt 1 view .LVU159
 257:Core/Src/main.c ****   htim3.Init.ClockDivision = TIM_CLOCKDIVISION_DIV1;
 534              		.loc 1 257 21 is_stmt 0 view .LVU160
 535 0022 40F67F42 		movw	r2, #3199
 536 0026 C260     		str	r2, [r0, #12]
 258:Core/Src/main.c ****   htim3.Init.AutoReloadPreload = TIM_AUTORELOAD_PRELOAD_DISABLE;
 537              		.loc 1 258 3 is_stmt 1 view .LVU161
 258:Core/Src/main.c ****   htim3.Init.AutoReloadPreload = TIM_AUTORELOAD_PRELOAD_DISABLE;
 538              		.loc 1 258 28 is_stmt 0 view .LVU162
 539 0028 0361     		str	r3, [r0, #16]
 259:Core/Src/main.c ****   if (HAL_TIM_PWM_Init(&htim3) != HAL_OK)
 540              		.loc 1 259 3 is_stmt 1 view .LVU163
 259:Core/Src/main.c ****   if (HAL_TIM_PWM_Init(&htim3) != HAL_OK)
 541              		.loc 1 259 32 is_stmt 0 view .LVU164
 542 002a 8361     		str	r3, [r0, #24]
 260:Core/Src/main.c ****   {
 543              		.loc 1 260 3 is_stmt 1 view .LVU165
 260:Core/Src/main.c ****   {
 544              		.loc 1 260 7 is_stmt 0 view .LVU166
 545 002c FFF7FEFF 		bl	HAL_TIM_PWM_Init
 546              	.LVL19:
 260:Core/Src/main.c ****   {
 547              		.loc 1 260 6 discriminator 1 view .LVU167
 548 0030 F8B9     		cbnz	r0, .L35
 264:Core/Src/main.c ****   sMasterConfig.MasterSlaveMode = TIM_MASTERSLAVEMODE_DISABLE;
 549              		.loc 1 264 3 is_stmt 1 view .LVU168
 264:Core/Src/main.c ****   sMasterConfig.MasterSlaveMode = TIM_MASTERSLAVEMODE_DISABLE;
 550              		.loc 1 264 37 is_stmt 0 view .LVU169
 551 0032 0023     		movs	r3, #0
 552 0034 0893     		str	r3, [sp, #32]
 265:Core/Src/main.c ****   if (HAL_TIMEx_MasterConfigSynchronization(&htim3, &sMasterConfig) != HAL_OK)
 553              		.loc 1 265 3 is_stmt 1 view .LVU170
 265:Core/Src/main.c ****   if (HAL_TIMEx_MasterConfigSynchronization(&htim3, &sMasterConfig) != HAL_OK)
 554              		.loc 1 265 33 is_stmt 0 view .LVU171
 555 0036 0993     		str	r3, [sp, #36]
 266:Core/Src/main.c ****   {
 556              		.loc 1 266 3 is_stmt 1 view .LVU172
 266:Core/Src/main.c ****   {
 557              		.loc 1 266 7 is_stmt 0 view .LVU173
 558 0038 08A9     		add	r1, sp, #32
 559 003a 1248     		ldr	r0, .L39
 560 003c FFF7FEFF 		bl	HAL_TIMEx_MasterConfigSynchronization
 561              	.LVL20:
 266:Core/Src/main.c ****   {
ARM GAS  D:\TMP\ccFdR9Oz.s 			page 23


 562              		.loc 1 266 6 discriminator 1 view .LVU174
 563 0040 C8B9     		cbnz	r0, .L36
 270:Core/Src/main.c ****   sConfigOC.Pulse = 0;
 564              		.loc 1 270 3 is_stmt 1 view .LVU175
 270:Core/Src/main.c ****   sConfigOC.Pulse = 0;
 565              		.loc 1 270 20 is_stmt 0 view .LVU176
 566 0042 6023     		movs	r3, #96
 567 0044 0193     		str	r3, [sp, #4]
 271:Core/Src/main.c ****   sConfigOC.OCPolarity = TIM_OCPOLARITY_HIGH;
 568              		.loc 1 271 3 is_stmt 1 view .LVU177
 271:Core/Src/main.c ****   sConfigOC.OCPolarity = TIM_OCPOLARITY_HIGH;
 569              		.loc 1 271 19 is_stmt 0 view .LVU178
 570 0046 0022     		movs	r2, #0
 571 0048 0292     		str	r2, [sp, #8]
 272:Core/Src/main.c ****   sConfigOC.OCFastMode = TIM_OCFAST_DISABLE;
 572              		.loc 1 272 3 is_stmt 1 view .LVU179
 272:Core/Src/main.c ****   sConfigOC.OCFastMode = TIM_OCFAST_DISABLE;
 573              		.loc 1 272 24 is_stmt 0 view .LVU180
 574 004a 0392     		str	r2, [sp, #12]
 273:Core/Src/main.c ****   if (HAL_TIM_PWM_ConfigChannel(&htim3, &sConfigOC, TIM_CHANNEL_1) != HAL_OK)
 575              		.loc 1 273 3 is_stmt 1 view .LVU181
 273:Core/Src/main.c ****   if (HAL_TIM_PWM_ConfigChannel(&htim3, &sConfigOC, TIM_CHANNEL_1) != HAL_OK)
 576              		.loc 1 273 24 is_stmt 0 view .LVU182
 577 004c 0592     		str	r2, [sp, #20]
 274:Core/Src/main.c ****   {
 578              		.loc 1 274 3 is_stmt 1 view .LVU183
 274:Core/Src/main.c ****   {
 579              		.loc 1 274 7 is_stmt 0 view .LVU184
 580 004e 01A9     		add	r1, sp, #4
 581 0050 0C48     		ldr	r0, .L39
 582 0052 FFF7FEFF 		bl	HAL_TIM_PWM_ConfigChannel
 583              	.LVL21:
 274:Core/Src/main.c ****   {
 584              		.loc 1 274 6 discriminator 1 view .LVU185
 585 0056 80B9     		cbnz	r0, .L37
 278:Core/Src/main.c ****   {
 586              		.loc 1 278 3 is_stmt 1 view .LVU186
 278:Core/Src/main.c ****   {
 587              		.loc 1 278 7 is_stmt 0 view .LVU187
 588 0058 0422     		movs	r2, #4
 589 005a 0DEB0201 		add	r1, sp, r2
 590 005e 0948     		ldr	r0, .L39
 591 0060 FFF7FEFF 		bl	HAL_TIM_PWM_ConfigChannel
 592              	.LVL22:
 278:Core/Src/main.c ****   {
 593              		.loc 1 278 6 discriminator 1 view .LVU188
 594 0064 58B9     		cbnz	r0, .L38
 285:Core/Src/main.c **** 
 595              		.loc 1 285 3 is_stmt 1 view .LVU189
 596 0066 0748     		ldr	r0, .L39
 597 0068 FFF7FEFF 		bl	HAL_TIM_MspPostInit
 598              	.LVL23:
 287:Core/Src/main.c **** 
 599              		.loc 1 287 1 is_stmt 0 view .LVU190
 600 006c 0BB0     		add	sp, sp, #44
 601              	.LCFI14:
 602              		.cfi_remember_state
ARM GAS  D:\TMP\ccFdR9Oz.s 			page 24


 603              		.cfi_def_cfa_offset 4
 604              		@ sp needed
 605 006e 5DF804FB 		ldr	pc, [sp], #4
 606              	.L35:
 607              	.LCFI15:
 608              		.cfi_restore_state
 262:Core/Src/main.c ****   }
 609              		.loc 1 262 5 is_stmt 1 view .LVU191
 610 0072 FFF7FEFF 		bl	Error_Handler
 611              	.LVL24:
 612              	.L36:
 268:Core/Src/main.c ****   }
 613              		.loc 1 268 5 view .LVU192
 614 0076 FFF7FEFF 		bl	Error_Handler
 615              	.LVL25:
 616              	.L37:
 276:Core/Src/main.c ****   }
 617              		.loc 1 276 5 view .LVU193
 618 007a FFF7FEFF 		bl	Error_Handler
 619              	.LVL26:
 620              	.L38:
 280:Core/Src/main.c ****   }
 621              		.loc 1 280 5 view .LVU194
 622 007e FFF7FEFF 		bl	Error_Handler
 623              	.LVL27:
 624              	.L40:
 625 0082 00BF     		.align	2
 626              	.L39:
 627 0084 00000000 		.word	htim3
 628 0088 00040040 		.word	1073742848
 629              		.cfi_endproc
 630              	.LFE68:
 632              		.section	.text.MX_TIM4_Init,"ax",%progbits
 633              		.align	1
 634              		.syntax unified
 635              		.thumb
 636              		.thumb_func
 638              	MX_TIM4_Init:
 639              	.LFB69:
 295:Core/Src/main.c **** 
 640              		.loc 1 295 1 view -0
 641              		.cfi_startproc
 642              		@ args = 0, pretend = 0, frame = 24
 643              		@ frame_needed = 0, uses_anonymous_args = 0
 644 0000 00B5     		push	{lr}
 645              	.LCFI16:
 646              		.cfi_def_cfa_offset 4
 647              		.cfi_offset 14, -4
 648 0002 87B0     		sub	sp, sp, #28
 649              	.LCFI17:
 650              		.cfi_def_cfa_offset 32
 301:Core/Src/main.c ****   TIM_MasterConfigTypeDef sMasterConfig = {0};
 651              		.loc 1 301 3 view .LVU196
 301:Core/Src/main.c ****   TIM_MasterConfigTypeDef sMasterConfig = {0};
 652              		.loc 1 301 26 is_stmt 0 view .LVU197
 653 0004 0023     		movs	r3, #0
 654 0006 0293     		str	r3, [sp, #8]
ARM GAS  D:\TMP\ccFdR9Oz.s 			page 25


 655 0008 0393     		str	r3, [sp, #12]
 656 000a 0493     		str	r3, [sp, #16]
 657 000c 0593     		str	r3, [sp, #20]
 302:Core/Src/main.c **** 
 658              		.loc 1 302 3 is_stmt 1 view .LVU198
 302:Core/Src/main.c **** 
 659              		.loc 1 302 27 is_stmt 0 view .LVU199
 660 000e 0093     		str	r3, [sp]
 661 0010 0193     		str	r3, [sp, #4]
 307:Core/Src/main.c ****   htim4.Init.Prescaler = 6399;
 662              		.loc 1 307 3 is_stmt 1 view .LVU200
 307:Core/Src/main.c ****   htim4.Init.Prescaler = 6399;
 663              		.loc 1 307 18 is_stmt 0 view .LVU201
 664 0012 1348     		ldr	r0, .L49
 665 0014 134A     		ldr	r2, .L49+4
 666 0016 0260     		str	r2, [r0]
 308:Core/Src/main.c ****   htim4.Init.CounterMode = TIM_COUNTERMODE_UP;
 667              		.loc 1 308 3 is_stmt 1 view .LVU202
 308:Core/Src/main.c ****   htim4.Init.CounterMode = TIM_COUNTERMODE_UP;
 668              		.loc 1 308 24 is_stmt 0 view .LVU203
 669 0018 41F6FF02 		movw	r2, #6399
 670 001c 4260     		str	r2, [r0, #4]
 309:Core/Src/main.c ****   htim4.Init.Period = 99;
 671              		.loc 1 309 3 is_stmt 1 view .LVU204
 309:Core/Src/main.c ****   htim4.Init.Period = 99;
 672              		.loc 1 309 26 is_stmt 0 view .LVU205
 673 001e 8360     		str	r3, [r0, #8]
 310:Core/Src/main.c ****   htim4.Init.ClockDivision = TIM_CLOCKDIVISION_DIV1;
 674              		.loc 1 310 3 is_stmt 1 view .LVU206
 310:Core/Src/main.c ****   htim4.Init.ClockDivision = TIM_CLOCKDIVISION_DIV1;
 675              		.loc 1 310 21 is_stmt 0 view .LVU207
 676 0020 6322     		movs	r2, #99
 677 0022 C260     		str	r2, [r0, #12]
 311:Core/Src/main.c ****   htim4.Init.AutoReloadPreload = TIM_AUTORELOAD_PRELOAD_DISABLE;
 678              		.loc 1 311 3 is_stmt 1 view .LVU208
 311:Core/Src/main.c ****   htim4.Init.AutoReloadPreload = TIM_AUTORELOAD_PRELOAD_DISABLE;
 679              		.loc 1 311 28 is_stmt 0 view .LVU209
 680 0024 0361     		str	r3, [r0, #16]
 312:Core/Src/main.c ****   if (HAL_TIM_Base_Init(&htim4) != HAL_OK)
 681              		.loc 1 312 3 is_stmt 1 view .LVU210
 312:Core/Src/main.c ****   if (HAL_TIM_Base_Init(&htim4) != HAL_OK)
 682              		.loc 1 312 32 is_stmt 0 view .LVU211
 683 0026 8361     		str	r3, [r0, #24]
 313:Core/Src/main.c ****   {
 684              		.loc 1 313 3 is_stmt 1 view .LVU212
 313:Core/Src/main.c ****   {
 685              		.loc 1 313 7 is_stmt 0 view .LVU213
 686 0028 FFF7FEFF 		bl	HAL_TIM_Base_Init
 687              	.LVL28:
 313:Core/Src/main.c ****   {
 688              		.loc 1 313 6 discriminator 1 view .LVU214
 689 002c 90B9     		cbnz	r0, .L46
 317:Core/Src/main.c ****   if (HAL_TIM_ConfigClockSource(&htim4, &sClockSourceConfig) != HAL_OK)
 690              		.loc 1 317 3 is_stmt 1 view .LVU215
 317:Core/Src/main.c ****   if (HAL_TIM_ConfigClockSource(&htim4, &sClockSourceConfig) != HAL_OK)
 691              		.loc 1 317 34 is_stmt 0 view .LVU216
 692 002e 4FF48053 		mov	r3, #4096
ARM GAS  D:\TMP\ccFdR9Oz.s 			page 26


 693 0032 0293     		str	r3, [sp, #8]
 318:Core/Src/main.c ****   {
 694              		.loc 1 318 3 is_stmt 1 view .LVU217
 318:Core/Src/main.c ****   {
 695              		.loc 1 318 7 is_stmt 0 view .LVU218
 696 0034 02A9     		add	r1, sp, #8
 697 0036 0A48     		ldr	r0, .L49
 698 0038 FFF7FEFF 		bl	HAL_TIM_ConfigClockSource
 699              	.LVL29:
 318:Core/Src/main.c ****   {
 700              		.loc 1 318 6 discriminator 1 view .LVU219
 701 003c 60B9     		cbnz	r0, .L47
 322:Core/Src/main.c ****   sMasterConfig.MasterSlaveMode = TIM_MASTERSLAVEMODE_DISABLE;
 702              		.loc 1 322 3 is_stmt 1 view .LVU220
 322:Core/Src/main.c ****   sMasterConfig.MasterSlaveMode = TIM_MASTERSLAVEMODE_DISABLE;
 703              		.loc 1 322 37 is_stmt 0 view .LVU221
 704 003e 0023     		movs	r3, #0
 705 0040 0093     		str	r3, [sp]
 323:Core/Src/main.c ****   if (HAL_TIMEx_MasterConfigSynchronization(&htim4, &sMasterConfig) != HAL_OK)
 706              		.loc 1 323 3 is_stmt 1 view .LVU222
 323:Core/Src/main.c ****   if (HAL_TIMEx_MasterConfigSynchronization(&htim4, &sMasterConfig) != HAL_OK)
 707              		.loc 1 323 33 is_stmt 0 view .LVU223
 708 0042 0193     		str	r3, [sp, #4]
 324:Core/Src/main.c ****   {
 709              		.loc 1 324 3 is_stmt 1 view .LVU224
 324:Core/Src/main.c ****   {
 710              		.loc 1 324 7 is_stmt 0 view .LVU225
 711 0044 6946     		mov	r1, sp
 712 0046 0648     		ldr	r0, .L49
 713 0048 FFF7FEFF 		bl	HAL_TIMEx_MasterConfigSynchronization
 714              	.LVL30:
 324:Core/Src/main.c ****   {
 715              		.loc 1 324 6 discriminator 1 view .LVU226
 716 004c 30B9     		cbnz	r0, .L48
 332:Core/Src/main.c **** 
 717              		.loc 1 332 1 view .LVU227
 718 004e 07B0     		add	sp, sp, #28
 719              	.LCFI18:
 720              		.cfi_remember_state
 721              		.cfi_def_cfa_offset 4
 722              		@ sp needed
 723 0050 5DF804FB 		ldr	pc, [sp], #4
 724              	.L46:
 725              	.LCFI19:
 726              		.cfi_restore_state
 315:Core/Src/main.c ****   }
 727              		.loc 1 315 5 is_stmt 1 view .LVU228
 728 0054 FFF7FEFF 		bl	Error_Handler
 729              	.LVL31:
 730              	.L47:
 320:Core/Src/main.c ****   }
 731              		.loc 1 320 5 view .LVU229
 732 0058 FFF7FEFF 		bl	Error_Handler
 733              	.LVL32:
 734              	.L48:
 326:Core/Src/main.c ****   }
 735              		.loc 1 326 5 view .LVU230
ARM GAS  D:\TMP\ccFdR9Oz.s 			page 27


 736 005c FFF7FEFF 		bl	Error_Handler
 737              	.LVL33:
 738              	.L50:
 739              		.align	2
 740              	.L49:
 741 0060 00000000 		.word	htim4
 742 0064 00080040 		.word	1073743872
 743              		.cfi_endproc
 744              	.LFE69:
 746              		.section	.text.SystemClock_Config,"ax",%progbits
 747              		.align	1
 748              		.global	SystemClock_Config
 749              		.syntax unified
 750              		.thumb
 751              		.thumb_func
 753              	SystemClock_Config:
 754              	.LFB70:
 339:Core/Src/main.c ****   RCC_OscInitTypeDef RCC_OscInitStruct = {0};
 755              		.loc 1 339 1 view -0
 756              		.cfi_startproc
 757              		@ args = 0, pretend = 0, frame = 64
 758              		@ frame_needed = 0, uses_anonymous_args = 0
 759 0000 00B5     		push	{lr}
 760              	.LCFI20:
 761              		.cfi_def_cfa_offset 4
 762              		.cfi_offset 14, -4
 763 0002 91B0     		sub	sp, sp, #68
 764              	.LCFI21:
 765              		.cfi_def_cfa_offset 72
 340:Core/Src/main.c ****   RCC_ClkInitTypeDef RCC_ClkInitStruct = {0};
 766              		.loc 1 340 3 view .LVU232
 340:Core/Src/main.c ****   RCC_ClkInitTypeDef RCC_ClkInitStruct = {0};
 767              		.loc 1 340 22 is_stmt 0 view .LVU233
 768 0004 2822     		movs	r2, #40
 769 0006 0021     		movs	r1, #0
 770 0008 06A8     		add	r0, sp, #24
 771 000a FFF7FEFF 		bl	memset
 772              	.LVL34:
 341:Core/Src/main.c **** 
 773              		.loc 1 341 3 is_stmt 1 view .LVU234
 341:Core/Src/main.c **** 
 774              		.loc 1 341 22 is_stmt 0 view .LVU235
 775 000e 0023     		movs	r3, #0
 776 0010 0193     		str	r3, [sp, #4]
 777 0012 0293     		str	r3, [sp, #8]
 778 0014 0393     		str	r3, [sp, #12]
 779 0016 0493     		str	r3, [sp, #16]
 780 0018 0593     		str	r3, [sp, #20]
 346:Core/Src/main.c ****   RCC_OscInitStruct.HSIState = RCC_HSI_ON;
 781              		.loc 1 346 3 is_stmt 1 view .LVU236
 346:Core/Src/main.c ****   RCC_OscInitStruct.HSIState = RCC_HSI_ON;
 782              		.loc 1 346 36 is_stmt 0 view .LVU237
 783 001a 0223     		movs	r3, #2
 784 001c 0693     		str	r3, [sp, #24]
 347:Core/Src/main.c ****   RCC_OscInitStruct.HSICalibrationValue = RCC_HSICALIBRATION_DEFAULT;
 785              		.loc 1 347 3 is_stmt 1 view .LVU238
 347:Core/Src/main.c ****   RCC_OscInitStruct.HSICalibrationValue = RCC_HSICALIBRATION_DEFAULT;
ARM GAS  D:\TMP\ccFdR9Oz.s 			page 28


 786              		.loc 1 347 30 is_stmt 0 view .LVU239
 787 001e 0122     		movs	r2, #1
 788 0020 0A92     		str	r2, [sp, #40]
 348:Core/Src/main.c ****   RCC_OscInitStruct.PLL.PLLState = RCC_PLL_ON;
 789              		.loc 1 348 3 is_stmt 1 view .LVU240
 348:Core/Src/main.c ****   RCC_OscInitStruct.PLL.PLLState = RCC_PLL_ON;
 790              		.loc 1 348 41 is_stmt 0 view .LVU241
 791 0022 1022     		movs	r2, #16
 792 0024 0B92     		str	r2, [sp, #44]
 349:Core/Src/main.c ****   RCC_OscInitStruct.PLL.PLLSource = RCC_PLLSOURCE_HSI_DIV2;
 793              		.loc 1 349 3 is_stmt 1 view .LVU242
 349:Core/Src/main.c ****   RCC_OscInitStruct.PLL.PLLSource = RCC_PLLSOURCE_HSI_DIV2;
 794              		.loc 1 349 34 is_stmt 0 view .LVU243
 795 0026 0D93     		str	r3, [sp, #52]
 350:Core/Src/main.c ****   RCC_OscInitStruct.PLL.PLLMUL = RCC_PLL_MUL16;
 796              		.loc 1 350 3 is_stmt 1 view .LVU244
 351:Core/Src/main.c ****   if (HAL_RCC_OscConfig(&RCC_OscInitStruct) != HAL_OK)
 797              		.loc 1 351 3 view .LVU245
 351:Core/Src/main.c ****   if (HAL_RCC_OscConfig(&RCC_OscInitStruct) != HAL_OK)
 798              		.loc 1 351 32 is_stmt 0 view .LVU246
 799 0028 4FF46013 		mov	r3, #3670016
 800 002c 0F93     		str	r3, [sp, #60]
 352:Core/Src/main.c ****   {
 801              		.loc 1 352 3 is_stmt 1 view .LVU247
 352:Core/Src/main.c ****   {
 802              		.loc 1 352 7 is_stmt 0 view .LVU248
 803 002e 06A8     		add	r0, sp, #24
 804 0030 FFF7FEFF 		bl	HAL_RCC_OscConfig
 805              	.LVL35:
 352:Core/Src/main.c ****   {
 806              		.loc 1 352 6 discriminator 1 view .LVU249
 807 0034 80B9     		cbnz	r0, .L55
 359:Core/Src/main.c ****                               |RCC_CLOCKTYPE_PCLK1|RCC_CLOCKTYPE_PCLK2;
 808              		.loc 1 359 3 is_stmt 1 view .LVU250
 359:Core/Src/main.c ****                               |RCC_CLOCKTYPE_PCLK1|RCC_CLOCKTYPE_PCLK2;
 809              		.loc 1 359 31 is_stmt 0 view .LVU251
 810 0036 0F23     		movs	r3, #15
 811 0038 0193     		str	r3, [sp, #4]
 361:Core/Src/main.c ****   RCC_ClkInitStruct.AHBCLKDivider = RCC_SYSCLK_DIV1;
 812              		.loc 1 361 3 is_stmt 1 view .LVU252
 361:Core/Src/main.c ****   RCC_ClkInitStruct.AHBCLKDivider = RCC_SYSCLK_DIV1;
 813              		.loc 1 361 34 is_stmt 0 view .LVU253
 814 003a 0221     		movs	r1, #2
 815 003c 0291     		str	r1, [sp, #8]
 362:Core/Src/main.c ****   RCC_ClkInitStruct.APB1CLKDivider = RCC_HCLK_DIV2;
 816              		.loc 1 362 3 is_stmt 1 view .LVU254
 362:Core/Src/main.c ****   RCC_ClkInitStruct.APB1CLKDivider = RCC_HCLK_DIV2;
 817              		.loc 1 362 35 is_stmt 0 view .LVU255
 818 003e 0023     		movs	r3, #0
 819 0040 0393     		str	r3, [sp, #12]
 363:Core/Src/main.c ****   RCC_ClkInitStruct.APB2CLKDivider = RCC_HCLK_DIV1;
 820              		.loc 1 363 3 is_stmt 1 view .LVU256
 363:Core/Src/main.c ****   RCC_ClkInitStruct.APB2CLKDivider = RCC_HCLK_DIV1;
 821              		.loc 1 363 36 is_stmt 0 view .LVU257
 822 0042 4FF48062 		mov	r2, #1024
 823 0046 0492     		str	r2, [sp, #16]
 364:Core/Src/main.c **** 
ARM GAS  D:\TMP\ccFdR9Oz.s 			page 29


 824              		.loc 1 364 3 is_stmt 1 view .LVU258
 364:Core/Src/main.c **** 
 825              		.loc 1 364 36 is_stmt 0 view .LVU259
 826 0048 0593     		str	r3, [sp, #20]
 366:Core/Src/main.c ****   {
 827              		.loc 1 366 3 is_stmt 1 view .LVU260
 366:Core/Src/main.c ****   {
 828              		.loc 1 366 7 is_stmt 0 view .LVU261
 829 004a 01A8     		add	r0, sp, #4
 830 004c FFF7FEFF 		bl	HAL_RCC_ClockConfig
 831              	.LVL36:
 366:Core/Src/main.c ****   {
 832              		.loc 1 366 6 discriminator 1 view .LVU262
 833 0050 20B9     		cbnz	r0, .L56
 370:Core/Src/main.c **** 
 834              		.loc 1 370 1 view .LVU263
 835 0052 11B0     		add	sp, sp, #68
 836              	.LCFI22:
 837              		.cfi_remember_state
 838              		.cfi_def_cfa_offset 4
 839              		@ sp needed
 840 0054 5DF804FB 		ldr	pc, [sp], #4
 841              	.L55:
 842              	.LCFI23:
 843              		.cfi_restore_state
 354:Core/Src/main.c ****   }
 844              		.loc 1 354 5 is_stmt 1 view .LVU264
 845 0058 FFF7FEFF 		bl	Error_Handler
 846              	.LVL37:
 847              	.L56:
 368:Core/Src/main.c ****   }
 848              		.loc 1 368 5 view .LVU265
 849 005c FFF7FEFF 		bl	Error_Handler
 850              	.LVL38:
 851              		.cfi_endproc
 852              	.LFE70:
 854              		.section	.text.main,"ax",%progbits
 855              		.align	1
 856              		.global	main
 857              		.syntax unified
 858              		.thumb
 859              		.thumb_func
 861              	main:
 862              	.LFB65:
  77:Core/Src/main.c **** 
 863              		.loc 1 77 5 view -0
 864              		.cfi_startproc
 865              		@ Volatile: function does not return.
 866              		@ args = 0, pretend = 0, frame = 0
 867              		@ frame_needed = 0, uses_anonymous_args = 0
 868 0000 08B5     		push	{r3, lr}
 869              	.LCFI24:
 870              		.cfi_def_cfa_offset 8
 871              		.cfi_offset 3, -8
 872              		.cfi_offset 14, -4
  86:Core/Src/main.c **** 
 873              		.loc 1 86 3 view .LVU267
ARM GAS  D:\TMP\ccFdR9Oz.s 			page 30


 874 0002 FFF7FEFF 		bl	HAL_Init
 875              	.LVL39:
  93:Core/Src/main.c **** 
 876              		.loc 1 93 3 view .LVU268
 877 0006 FFF7FEFF 		bl	SystemClock_Config
 878              	.LVL40:
 100:Core/Src/main.c ****   MX_TIM1_Init();
 879              		.loc 1 100 3 view .LVU269
 880 000a FFF7FEFF 		bl	MX_GPIO_Init
 881              	.LVL41:
 101:Core/Src/main.c ****   MX_TIM2_Init();
 882              		.loc 1 101 3 view .LVU270
 883 000e FFF7FEFF 		bl	MX_TIM1_Init
 884              	.LVL42:
 102:Core/Src/main.c ****   MX_TIM3_Init();
 885              		.loc 1 102 3 view .LVU271
 886 0012 FFF7FEFF 		bl	MX_TIM2_Init
 887              	.LVL43:
 103:Core/Src/main.c ****   MX_TIM4_Init();
 888              		.loc 1 103 3 view .LVU272
 889 0016 FFF7FEFF 		bl	MX_TIM3_Init
 890              	.LVL44:
 104:Core/Src/main.c ****   /* USER CODE BEGIN 2 */
 891              		.loc 1 104 3 view .LVU273
 892 001a FFF7FEFF 		bl	MX_TIM4_Init
 893              	.LVL45:
 106:Core/Src/main.c ****   Car_Init();
 894              		.loc 1 106 3 view .LVU274
 895 001e FFF7FEFF 		bl	LineTracker_Init
 896              	.LVL46:
 107:Core/Src/main.c ****   g_car.left.pid.kp = 180;
 897              		.loc 1 107 3 view .LVU275
 898 0022 FFF7FEFF 		bl	Car_Init
 899              	.LVL47:
 108:Core/Src/main.c ****   g_car.left.pid.ki = 0.35f;
 900              		.loc 1 108 3 view .LVU276
 108:Core/Src/main.c ****   g_car.left.pid.ki = 0.35f;
 901              		.loc 1 108 21 is_stmt 0 view .LVU277
 902 0026 0E4B     		ldr	r3, .L60
 903 0028 0E4A     		ldr	r2, .L60+4
 904 002a 1A61     		str	r2, [r3, #16]	@ float
 109:Core/Src/main.c ****   g_car.left.pid.kd = 26;
 905              		.loc 1 109 3 is_stmt 1 view .LVU278
 109:Core/Src/main.c ****   g_car.left.pid.kd = 26;
 906              		.loc 1 109 21 is_stmt 0 view .LVU279
 907 002c 0E49     		ldr	r1, .L60+8
 908 002e 5961     		str	r1, [r3, #20]	@ float
 110:Core/Src/main.c **** 
 909              		.loc 1 110 3 is_stmt 1 view .LVU280
 110:Core/Src/main.c **** 
 910              		.loc 1 110 21 is_stmt 0 view .LVU281
 911 0030 0E49     		ldr	r1, .L60+12
 912 0032 9961     		str	r1, [r3, #24]	@ float
 112:Core/Src/main.c ****   g_car.right.pid.ki = 0.28f;
 913              		.loc 1 112 3 is_stmt 1 view .LVU282
 112:Core/Src/main.c ****   g_car.right.pid.ki = 0.28f;
 914              		.loc 1 112 22 is_stmt 0 view .LVU283
ARM GAS  D:\TMP\ccFdR9Oz.s 			page 31


 915 0034 9A64     		str	r2, [r3, #72]	@ float
 113:Core/Src/main.c ****   g_car.right.pid.kd = 18;
 916              		.loc 1 113 3 is_stmt 1 view .LVU284
 113:Core/Src/main.c ****   g_car.right.pid.kd = 18;
 917              		.loc 1 113 22 is_stmt 0 view .LVU285
 918 0036 0E4A     		ldr	r2, .L60+16
 919 0038 DA64     		str	r2, [r3, #76]	@ float
 114:Core/Src/main.c **** 
 920              		.loc 1 114 3 is_stmt 1 view .LVU286
 114:Core/Src/main.c **** 
 921              		.loc 1 114 22 is_stmt 0 view .LVU287
 922 003a 0E4A     		ldr	r2, .L60+20
 923 003c 1A65     		str	r2, [r3, #80]	@ float
 116:Core/Src/main.c ****   g_car.left.invert_encoder = 0;
 924              		.loc 1 116 3 is_stmt 1 view .LVU288
 116:Core/Src/main.c ****   g_car.left.invert_encoder = 0;
 925              		.loc 1 116 27 is_stmt 0 view .LVU289
 926 003e 0122     		movs	r2, #1
 927 0040 83F84420 		strb	r2, [r3, #68]
 117:Core/Src/main.c ****   g_car.right.invert_motor = 1;
 928              		.loc 1 117 3 is_stmt 1 view .LVU290
 117:Core/Src/main.c ****   g_car.right.invert_motor = 1;
 929              		.loc 1 117 29 is_stmt 0 view .LVU291
 930 0044 0021     		movs	r1, #0
 931 0046 83F84510 		strb	r1, [r3, #69]
 118:Core/Src/main.c ****   g_car.right.invert_encoder = 1;
 932              		.loc 1 118 3 is_stmt 1 view .LVU292
 118:Core/Src/main.c ****   g_car.right.invert_encoder = 1;
 933              		.loc 1 118 28 is_stmt 0 view .LVU293
 934 004a 83F87C20 		strb	r2, [r3, #124]
 119:Core/Src/main.c **** 
 935              		.loc 1 119 3 is_stmt 1 view .LVU294
 119:Core/Src/main.c **** 
 936              		.loc 1 119 30 is_stmt 0 view .LVU295
 937 004e 83F87D20 		strb	r2, [r3, #125]
 121:Core/Src/main.c ****   g_car.right.target_counts = 26;
 938              		.loc 1 121 3 is_stmt 1 view .LVU296
 121:Core/Src/main.c ****   g_car.right.target_counts = 26;
 939              		.loc 1 121 28 is_stmt 0 view .LVU297
 940 0052 1A22     		movs	r2, #26
 941 0054 DA62     		str	r2, [r3, #44]
 122:Core/Src/main.c ****   g_car.mode = 3;
 942              		.loc 1 122 3 is_stmt 1 view .LVU298
 122:Core/Src/main.c ****   g_car.mode = 3;
 943              		.loc 1 122 29 is_stmt 0 view .LVU299
 944 0056 5A66     		str	r2, [r3, #100]
 123:Core/Src/main.c ****   /* USER CODE END 2 */
 945              		.loc 1 123 3 is_stmt 1 view .LVU300
 123:Core/Src/main.c ****   /* USER CODE END 2 */
 946              		.loc 1 123 14 is_stmt 0 view .LVU301
 947 0058 0322     		movs	r2, #3
 948 005a 1A70     		strb	r2, [r3]
 949              	.L58:
 128:Core/Src/main.c ****   {
 950              		.loc 1 128 3 is_stmt 1 view .LVU302
 133:Core/Src/main.c ****   /* USER CODE END 3 */
 951              		.loc 1 133 3 view .LVU303
ARM GAS  D:\TMP\ccFdR9Oz.s 			page 32


 128:Core/Src/main.c ****   {
 952              		.loc 1 128 9 view .LVU304
 953 005c FEE7     		b	.L58
 954              	.L61:
 955 005e 00BF     		.align	2
 956              	.L60:
 957 0060 00000000 		.word	g_car
 958 0064 00003443 		.word	1127481344
 959 0068 3333B33E 		.word	1051931443
 960 006c 0000D041 		.word	1104150528
 961 0070 295C8F3E 		.word	1049582633
 962 0074 00009041 		.word	1099956224
 963              		.cfi_endproc
 964              	.LFE65:
 966              		.global	htim4
 967              		.section	.bss.htim4,"aw",%nobits
 968              		.align	2
 971              	htim4:
 972 0000 00000000 		.space	72
 972      00000000 
 972      00000000 
 972      00000000 
 972      00000000 
 973              		.global	htim3
 974              		.section	.bss.htim3,"aw",%nobits
 975              		.align	2
 978              	htim3:
 979 0000 00000000 		.space	72
 979      00000000 
 979      00000000 
 979      00000000 
 979      00000000 
 980              		.global	htim2
 981              		.section	.bss.htim2,"aw",%nobits
 982              		.align	2
 985              	htim2:
 986 0000 00000000 		.space	72
 986      00000000 
 986      00000000 
 986      00000000 
 986      00000000 
 987              		.global	htim1
 988              		.section	.bss.htim1,"aw",%nobits
 989              		.align	2
 992              	htim1:
 993 0000 00000000 		.space	72
 993      00000000 
 993      00000000 
 993      00000000 
 993      00000000 
 994              		.text
 995              	.Letext0:
 996              		.file 3 "F:/Msys2/mingw64/arm-none-eabi/include/machine/_default_types.h"
 997              		.file 4 "F:/Msys2/mingw64/arm-none-eabi/include/sys/_stdint.h"
 998              		.file 5 "Drivers/CMSIS/Device/ST/STM32F1xx/Include/stm32f103xb.h"
 999              		.file 6 "Drivers/STM32F1xx_HAL_Driver/Inc/stm32f1xx_hal_def.h"
 1000              		.file 7 "Drivers/STM32F1xx_HAL_Driver/Inc/stm32f1xx_hal_rcc.h"
ARM GAS  D:\TMP\ccFdR9Oz.s 			page 33


 1001              		.file 8 "Drivers/STM32F1xx_HAL_Driver/Inc/stm32f1xx_hal_rcc_ex.h"
 1002              		.file 9 "Drivers/STM32F1xx_HAL_Driver/Inc/stm32f1xx_hal_gpio.h"
 1003              		.file 10 "Drivers/STM32F1xx_HAL_Driver/Inc/stm32f1xx_hal_dma.h"
 1004              		.file 11 "Drivers/STM32F1xx_HAL_Driver/Inc/stm32f1xx_hal_tim.h"
 1005              		.file 12 "Core/Inc/main.h"
 1006              		.file 13 "Core/Inc/car_control.h"
 1007              		.file 14 "Drivers/STM32F1xx_HAL_Driver/Inc/stm32f1xx_hal_tim_ex.h"
 1008              		.file 15 "Core/Inc/line_tracker.h"
 1009              		.file 16 "Drivers/STM32F1xx_HAL_Driver/Inc/stm32f1xx_hal.h"
 1010              		.file 17 "<built-in>"
ARM GAS  D:\TMP\ccFdR9Oz.s 			page 34


DEFINED SYMBOLS
                            *ABS*:00000000 main.c
   D:\TMP\ccFdR9Oz.s:19     .text.MX_GPIO_Init:00000000 $t
   D:\TMP\ccFdR9Oz.s:24     .text.MX_GPIO_Init:00000000 MX_GPIO_Init
   D:\TMP\ccFdR9Oz.s:156    .text.MX_GPIO_Init:00000090 $d
   D:\TMP\ccFdR9Oz.s:163    .text.HAL_TIM_PeriodElapsedCallback:00000000 $t
   D:\TMP\ccFdR9Oz.s:169    .text.HAL_TIM_PeriodElapsedCallback:00000000 HAL_TIM_PeriodElapsedCallback
   D:\TMP\ccFdR9Oz.s:203    .text.HAL_TIM_PeriodElapsedCallback:00000014 $d
   D:\TMP\ccFdR9Oz.s:208    .text.Error_Handler:00000000 $t
   D:\TMP\ccFdR9Oz.s:214    .text.Error_Handler:00000000 Error_Handler
   D:\TMP\ccFdR9Oz.s:246    .text.MX_TIM1_Init:00000000 $t
   D:\TMP\ccFdR9Oz.s:251    .text.MX_TIM1_Init:00000000 MX_TIM1_Init
   D:\TMP\ccFdR9Oz.s:364    .text.MX_TIM1_Init:00000060 $d
   D:\TMP\ccFdR9Oz.s:992    .bss.htim1:00000000 htim1
   D:\TMP\ccFdR9Oz.s:370    .text.MX_TIM2_Init:00000000 $t
   D:\TMP\ccFdR9Oz.s:375    .text.MX_TIM2_Init:00000000 MX_TIM2_Init
   D:\TMP\ccFdR9Oz.s:485    .text.MX_TIM2_Init:00000060 $d
   D:\TMP\ccFdR9Oz.s:985    .bss.htim2:00000000 htim2
   D:\TMP\ccFdR9Oz.s:490    .text.MX_TIM3_Init:00000000 $t
   D:\TMP\ccFdR9Oz.s:495    .text.MX_TIM3_Init:00000000 MX_TIM3_Init
   D:\TMP\ccFdR9Oz.s:627    .text.MX_TIM3_Init:00000084 $d
   D:\TMP\ccFdR9Oz.s:978    .bss.htim3:00000000 htim3
   D:\TMP\ccFdR9Oz.s:633    .text.MX_TIM4_Init:00000000 $t
   D:\TMP\ccFdR9Oz.s:638    .text.MX_TIM4_Init:00000000 MX_TIM4_Init
   D:\TMP\ccFdR9Oz.s:741    .text.MX_TIM4_Init:00000060 $d
   D:\TMP\ccFdR9Oz.s:971    .bss.htim4:00000000 htim4
   D:\TMP\ccFdR9Oz.s:747    .text.SystemClock_Config:00000000 $t
   D:\TMP\ccFdR9Oz.s:753    .text.SystemClock_Config:00000000 SystemClock_Config
   D:\TMP\ccFdR9Oz.s:855    .text.main:00000000 $t
   D:\TMP\ccFdR9Oz.s:861    .text.main:00000000 main
   D:\TMP\ccFdR9Oz.s:957    .text.main:00000060 $d
   D:\TMP\ccFdR9Oz.s:968    .bss.htim4:00000000 $d
   D:\TMP\ccFdR9Oz.s:975    .bss.htim3:00000000 $d
   D:\TMP\ccFdR9Oz.s:982    .bss.htim2:00000000 $d
   D:\TMP\ccFdR9Oz.s:989    .bss.htim1:00000000 $d
                           .group:00000000 wm4.0.82cd861fcffc377458525806b973ac66
                           .group:00000000 wm4.stm32f1xx_hal_conf.h.22.1a0581c92af625996e824fe9fcaf6f74
                           .group:00000000 wm4.stm32f1xx.h.38.953d9e9601c55b585f2853dd3f53fdde
                           .group:00000000 wm4.stm32f103xb.h.37.7c5fb130aa158ead5441dda9799c1941
                           .group:00000000 wm4._newlib_version.h.4.0eb654b64686e2bd29646258853f6c22
                           .group:00000000 wm4.features.h.33.d554620bb17bd3b714c3fb5c268772bc
                           .group:00000000 wm4._default_types.h.15.247e5cd201eca3442cbf5404108c4935
                           .group:00000000 wm4._intsup.h.10.48bafbb683905c4daa4565a85aeeb264
                           .group:00000000 wm4._stdint.h.10.c24fa3af3bc1706662bb5593a907e841
                           .group:00000000 wm4.stdint.h.23.d53047a68f4a85177f80b422d52785ed
                           .group:00000000 wm4.cmsis_version.h.32.4d5822004c01a829a975260e854b5f8e
                           .group:00000000 wm4.core_cm3.h.66.fc46cac19810db8f98d67da7ef88f42c
                           .group:00000000 wm4.cmsis_gcc.h.26.4f5798e999d5690b80e6ded3ecc94b37
                           .group:00000000 wm4.core_cm3.h.127.f4474120f1a7524deb56f9d74ff175da
                           .group:00000000 wm4.stm32f103xb.h.572.e8b8d889d857e2c56f82ca03c5328917
                           .group:00000000 wm4.stm32f1xx.h.161.0d1b9fd26c53008e1116394047fa1b84
                           .group:00000000 wm4.stm32_hal_legacy.h.22.738b126f6a0a0c726d412de79a56d7d7
                           .group:00000000 wm4.stddef.h.39.0dc9006b34572d4d9cae4c8b422c4971
                           .group:00000000 wm4.stm32f1xx_hal_def.h.56.354d0a4bf0f6ef7af10e3429b7628481
                           .group:00000000 wm4.stm32f1xx_hal_rcc.h.93.3fadb58bdef0723b74d9eb798753b168
                           .group:00000000 wm4.stm32f1xx_hal_rcc_ex.h.20.5a464c1dc9022dc2a67fe45b2054f77c
                           .group:00000000 wm4.stm32f1xx_hal_rcc.h.1200.d6cbb5717f01cee373a6e1fba84d9163
ARM GAS  D:\TMP\ccFdR9Oz.s 			page 35


                           .group:00000000 wm4.stm32f1xx_hal_gpio.h.21.0099da253a68660e916195d3e8928be3
                           .group:00000000 wm4.stm32f1xx_hal_gpio_ex.h.21.93f1f3ec7660fa76375def81b976f73c
                           .group:00000000 wm4.stm32f1xx_hal_gpio.h.262.7df79220ec7519ba80c1763e6b4854a6
                           .group:00000000 wm4.stm32f1xx_hal_exti.h.21.a7f1b393a0c9b2b56b72ccdbb8dee508
                           .group:00000000 wm4.stm32f1xx_hal_dma.h.21.11e5a204ed6aa790b1cdae2e4192bc9d
                           .group:00000000 wm4.stm32f1xx_hal_dma_ex.h.21.d438f745b4c04dc23f9f569190526864
                           .group:00000000 wm4.stm32f1xx_hal_dma.h.408.14794a3f8621230c9ac7fca0cacf3e57
                           .group:00000000 wm4.stm32f1xx_hal_cortex.h.21.bc6672975c96f16c12a031ce09248d54
                           .group:00000000 wm4.stm32f1xx_hal_flash.h.20.2db7f614c43999568df8c1bd8d5f2459
                           .group:00000000 wm4.stm32f1xx_hal_flash_ex.h.20.c1d01fb364bcc8befd238a2d45469cc1
                           .group:00000000 wm4.stm32f1xx_hal_pwr.h.21.ec3e2cfd4c26fffa32fc4ff0a8ac7390
                           .group:00000000 wm4.stm32f1xx_hal_tim.h.21.006a68e65b5f471fc08fe5e71aa2bc69
                           .group:00000000 wm4.stm32f1xx_hal.h.87.60093b86a987865736d7cddecce3c235
                           .group:00000000 wm4.main.h.60.0b6cd06f520117ebc07cd33ca052f0b6
                           .group:00000000 wm4.car_control.h.20.de1f1452552bdfe0f37806aad624dec6
                           .group:00000000 wm4.line_tracker.h.11.8de0c4215eb53fcb4db9d17c2d590b72

UNDEFINED SYMBOLS
HAL_GPIO_WritePin
HAL_GPIO_Init
Car_ControlStep
memset
HAL_TIM_Encoder_Init
HAL_TIMEx_MasterConfigSynchronization
HAL_TIM_PWM_Init
HAL_TIM_PWM_ConfigChannel
HAL_TIM_MspPostInit
HAL_TIM_Base_Init
HAL_TIM_ConfigClockSource
HAL_RCC_OscConfig
HAL_RCC_ClockConfig
HAL_Init
LineTracker_Init
Car_Init
g_car
